3 36 230 287
3 234 277 250
3 221 245 138
3 168 284 219
3 65 39 289
3 34 32 20
3 167 188 131
3 216 172 181
3 179 29 292
3 99 40 31
3 41 128 115
3 180 244 51
3 54 222 264
3 87 174 10
3 275 122 266
3 108 14 55
3 184 214 67
3 110 217 152
3 296 64 78
3 0 96 182
3 164 102 205
3 88 28 104
3 116 202 16
3 80 239 145
3 8 213 192
3 134 157 66
3 286 254 196
3 7 146 59
3 299 68 100
3 75 158 265
3 33 241 242
3 4 82 252
3 72 121 280
3 85 268 17
3 24 86 43
3 161 209 176
3 210 26 106
3 62 204 112
3 13 50 71
3 249 185 228
3 294 170 142
3 246 243 30
3 103 3 12
3 92 236 288
3 133 253 231
3 127 191 223
3 148 109 215
3 212 207 186
3 220 195 120
3 58 61 297
3 95 27 251
3 193 177 154
3 159 282 155
3 260 295 194
3 162 117 256
3 136 163 270
3 107 111 126
3 203 73 141
3 227 258 279
3 144 298 46
3 259 22 47
3 218 160 229
3 276 140 69
3 105 197 240
3 56 269 233
3 137 190 143
3 225 237 206
3 171 23 97
3 273 11 123
3 263 6 135
3 187 76 272
3 38 271 262
3 150 147 37
3 15 89 189
3 290 93 9
3 198 114 1
3 267 70 178
3 19 283 293
3 60 90 278
3 44 101 84
3 261 118 77
3 18 235 52
3 74 291 94
3 200 81 211
3 125 139 247
3 113 42 149
3 57 45 153
3 285 48 132
3 63 119 173
3 129 5 175
3 79 199 169
3 53 35 165
3 166 238 130
3 91 25 49
3 156 255 183
3 281 124 151
3 21 201 274
3 232 83 2
3 224 98 208
3 226 248 257
