57 370 5880 640 7046 5944 2178 3774 5549 3649 1536 2281 561 2342 772 8314 7818 8088 6740 5001 4777 2250 2388 1338 4905 1049 5099 7653 3995 229 804 39 4352 2216 2721 3235 1983 6511 4481 1124 8118 1623 9709 5866 6539 9395 7424 8148 2823 4363 3680 4018 6618 6103 4584 3755 551 8450
52 7329 9724 3503 4994 9759 4515 9400 5600 4669 6365 7614 6920 9696 1277 3935 7704 4758 2796 5804 868 3507 3267 2716 910 4765 670 7958 4815 4797 4734 7022 5142 2812 3905 6030 6198 9307 5039 4500 9815 3623 3517 4563 6681 8744 1452 2412 6501 4607 4675 5732 8174
58 6896 240 7952 6923 4213 1214 3673 6357 5050 2951 633 8825 835 1775 5134 2943 7396 7857 6710 284 3653 5371 9649 2138 5355 4448 1541 8204 1833 6513 124 5333 1235 8016 12 2763 1933 1769 719 1267 219 4120 6913 4518 2107 3613 3349 6694 1858 9920 6149 9298 9215 8181 5425 1216 6342 909
58 1247 967 4151 194 6320 4016 4681 348 5515 6664 4098 2080 7390 2552 1295 5972 8494 7870 8262 2255 7483 8660 4618 6908 7977 4622 1991 2429 558 8124 1579 1070 2533 4244 1125 4950 2799 5545 843 1805 3983 6391 2819 5746 1494 8427 510 9268 2177 4695 1349 9545 3577 9677 7698 2066 7393 6930
53 9835 4529 4398 3871 7893 6643 7764 9095 7333 6835 9673 2972 2656 5770 930 6132 7197 2792 2269 4742 1698 135 1202 9155 398 7081 3826 4976 1700 656 7460 1622 5872 4944 1414 7334 6321 6974 965 4438 6176 9842 5782 8150 9423 6283 4029 9929 7310 9416 7658 9912 1531
58 9199 6686 2476 706 4573 9285 8032 1576 9214 508 5295 3552 5737 1274 1225 5082 9085 9190 4246 671 7768 254 2175 9960 1383 3605 4949 59 5351 687 9175 5167 6554 6688 623 2287 6971 1616 3662 4598 7373 6768 3066 273 448 7187 5985 2169 7684 1995 6707 5002 6481 2034 3555 2496 8904 5377
55 8521 470 3834 8720 5156 9373 4063 5057 9299 2557 6884 709 8097 1327 4309 6785 5976 2436 7194 9869 9718 1554 7442 1203 8194 4044 5063 634 7199 1926 4558 726 8076 7919 8401 3004 8671 3890 9225 9587 4657 7644 2748 2344 3725 8128 6574 3947 2672 3836 2794 7125 1789 5585 3242
56 9689 779 1634 5594 7462 9097 1943 4660 9993 6639 6864 8212 8870 9531 4360 9898 3963 7872 113 2068 913 4459 5387 2897 2329 3035 3396 4418 8156 1433 7602 6888 226 5705 9601 3903 3697 288 9459 5390 5406 8992 5350 3043 2005 9512 9152 177 6247 3880 4250 3057 3002 5767 8416 3129
58 2048 9978 6373 1810 9338 2604 1861 4900 2108 5219 8596 4908 5839 452 6842 794 8085 1767 5275 2508 6874 5349 425 8336 2598 3409 3835 9341 3746 1908 6897 9505 7807 2558 1678 4569 7337 3071 5106 185 5561 1945 1297 3520 4089 2758 1957 1136 437 5503 8680 7219 7882 2017 5345 3691 530 2263
57 7278 5065 2011 6814 9964 8176 2904 8229 3145 3886 9139 6516 1074 9668 9489 1972 9699 1761 7074 4582 758 4420 1240 6652 846 6282 7802 3120 5249 2423 2783 7010 1145 6171 5240 5242 9011 4502 7860 201 3084 7790 7675 8923 4330 4710 2498 1298 1173 7895 208 9514 127 2354 8013 4423 5502
58 2492 9274 2039 3355 2683 5615 1949 5847 2525 3974 6067 6936 1968 2454 6227 3703 1481 6193 9752 7563 3056 5180 7358 7557 5954 6529 2293 7767 757 4132 7916 8619 4371 2769 8004 7868 611 9880 3026 2701 7847 4008 9399 1652 5488 6276 4779 3734 1314 1169 3940 1370 1082 1217 5522 5676 9712 5310
51 9040 5314 993 9059 4638 2014 5820 8384 6880 6012 471 145 4867 3096 7141 8855 2405 7580 438 9807 7374 5909 4033 8975 7912 9410 4457 6302 376 3156 9267 6456 7976 6344 4012 9309 6905 1467 5261 6061 9258 4885 121 3097 838 9280 2791 5341 2181 5315 8278
53 8100 2636 1411 4479 2870 1918 7458 1829 9617 9713 9511 7447 3900 6581 8062 982 5394 3756 4859 496 7225 8338 6054 3163 3018 79 4713 8065 1932 8858 9525 7502 8005 1330 4870 9654 7016 7751 7964 477 1848 5691 2147 7112 1571 6159 9854 1061 4606 1250 8469 2842 7688
54 7258 7554 3714 6563 6826 3758 9450 9044 141 3932 6431 9451 7360 549 4247 8257 7547 420 969 3640 8114 8917 6072 3308 6325 4447 5859 7901 4038 1604 7689 1039 9643 5186 8734 1384 9517 8195 1424 2835 4335 8509 6803 8476 2703 7858 320 5173 9302 1809 9440 1513 892 4087
53 975 2296 3243 5091 851 4015 826 4698 7928 4921 3771 3968 9936 1996 8293 8771 6188 1511 4027 5453 8341 497 8768 7615 736 7434 2368 8045 7049 2302 7887 7620 788 230 9272 6503 583 3466 7889 164 6015 407 7777 9093 7397 3845 1573 9153 828 2605 92 3663 6028
57 3545 4400 8507 2477 9818 258 3748 6647 8200 7749 3841 4322 9265 3189 1475 2670 7063 8264 1783 8765 1637 5895 1266 5548 3876 102 5569 7875 3431 5858 6670 172 5269 3175 9583 9212 9771 8442 8290 3690 6430 3838 1374 5764 1719 7422 1980 1706 876 3320 120 3914 3493 5734 7313 2623 4051
53 1954 7224 8943 9035 1612 3311 7505 4856 4192 7211 8348 4378 9349 6628 4374 9297 7079 6008 2137 9039 2679 7341 1713 972 4442 4470 8838 3478 8655 1139 9757 2840 7100 6044 465 1864 1053 8791 8491 3340 8282 3909 2316 6899 8685 8938 976 2110 1741 6234 6608 3922 3729
48 630 5497 524 6545 9174 5871 7613 5447 1177 1148 1919 4628 169 6429 6196 3681 4761 4049 6482 2820 8735 8522 2381 8162 6656 582 3544 8470 9885 2963 165 6531 355 7001 2301 7272 2761 9823 8851 6839 9495 9988 2960 9782 371 2237 5084 6470
56 4733 5445 3083 358 2035 7331 8349 6817 2892 1493 5868 6363 2571 4453 9276 7060 8657 1871 6555 380 5052 3345 8136 3138 9498 2286 6746 9021 377 3568 4212 3750 4390 90 5986 7206 4245 9099 1275 8375 4787 366 2514 509 2872 3140 1448 7559 5215 6838 6669 3902 4318 2671 9837 2554
57 6644 6163 7784 6450 563 9743 484 9520 7855 886 6464 1476 5538 5111 7603 7332 6387 2890 6560 5575 170 6003 6210 3592 2759 8483 8649 1268 8842 8465 5282 8707 6005 664 7876 2036 4796 2756 6759 941 9292 3797 5982 483 9142 3208 2141 9331 7399 4916 3733 1 4624 6236 2682 4041 3885
47 7479 6847 3849 8936 5580 516 1601 3547 9019 2162 7200 5759 2658 8092 8617 2760 9690 6217 8093 202 1420 550 9477 8713 5117 3413 4508 2667 2469 2969 4643 5715 8942 5778 1887 7291 1587 5624 8493 3430 3982 3852 1395 1387 1237 3381 7626
52 85 3139 6796 8041 3856 7121 1366 6515 5626 2770 6403 7605 5049 1426 770 3361 5662 8516 1776 1415 6458 678 1088 5223 6767 2012 2092 4329 1551 3531 5884 5929 9242 6713 2203 8036 417 2593 9715 6834 6452 7996 7119 3511 3641 6715 5656 18 8546 2046 705 4258
55 5003 7203 9887 2847 3264 8999 727 2362 3375 7795 8027 2200 8462 2494 3168 7126 9970 2500 3796 5435 9282 8790 4625 3695 3596 4711 2397 4781 9918 9260 6800 4095 2548 5787 3913 9275 5410 4167 4712 6866 6732 8098 3628 8679 4241 9129 8242 746 9120 2801 914 5250 4783 8932 3636
51 631 3203 7238 2854 5337 4935 5893 3251 302 9873 997 5094 2536 7082 4769 7289 46 3864 1516 2925 9608 9295 6277 5777 5617 3846 6084 9925 1589 3179 762 1393 4427 6898 3924 6049 7866 4104 3351 159 6938 8859 7444 2272 4281 679 7330 9426 245 3689 2811
54 8011 7766 8021 6747 1537 5789 1421 8059 7576 4956 2076 2747 1745 4433 5077 395 7015 8677 3070 8311 6245 9965 7869 2220 712 5874 7863 480 4013 1255 7323 4022 5925 6967 7635 7409 3402 5128 3423 786 750 458 499 7178 4939 2459 9486 883 7913 8297 1677 8431 9522 6144
53 5207 6379 7873 6392 2845 7453 6811 410 7418 9614 2310 9563 3698 5297 441 1099 152 8253 3494 4187 8007 5179 1160 8048 4527 5958 9172 3927 1463 7003 8423 5457 7721 7062 2861 1595 9372 5291 8153 3378 1497 3612 297 7306 5845 9269 7209 6642 3214 3255 6262 7594 3532
55 6436 7030 537 435 6797 5198 847 1482 3426 5989 793 7566 6542 2956 2265 3881 839 1222 299 4570 9444 8466 4020 1585 1956 6851 3038 6483 6233 7832 4085 7983 1831 9232 3418 5098 971 8544 5210 6065 3967 4718 5019 8064 8722 1723 8562 7413 4354 8864 1778 6949 1404 6614 8731
55 8254 7543 8180 798 3875 4042 5068 8944 9018 8424 3063 9073 2148 9072 83 7968 4525 5554 3809 1825 96 3989 6915 1800 5699 1736 5482 8549 8949 9259 6832 7524 3492 902 8334 5659 4884 2120 8235 9683 4031 1041 5560 8566 1315 2834 5323 9098 6665 1354 8794 130 3515 7058 5924
57 4476 5192 4200 5773 6986 8012 8256 2284 2315 7054 3959 6166 4863 6434 4123 3102 359 1988 5171 4537 2949 5897 4680 9262 7271 5694 6593 3510 1950 1672 494 2722 6046 7601 1325 8926 7080 8580 1299 26 5771 3576 7318 1062 5374 8697 7179 4285 4743 3046 701 571 9126 1892 4214 8708 2666
55 8363 5155 7669 6300 9758 8972 9740 8101 3188 9705 5526 2544 7934 2986 2037 5231 5279 4984 9695 7131 3567 6527 5208 115 1198 5707 6605 7990 3217 6454 2020 4513 8989 8723 7598 9516 8081 8628 4962 6863 1699 4261 139 1373 8288 1936 389 5980 5639 1847 704 6537 1341 2534 7290
53 1360 227 3021 196 1971 6040 7305 1705 7024 3926 2694 642 3883 3000 6168 1394 5936 8673 1437 4862 5951 1128 7720 3873 4359 432 4394 2942 608 7942 5673 4544 9764 2867 2323 6853 604 682 5343 8006 2113 5654 2807 2586 4972 3005 1162 4091 6292 486 2407 6712 6675
54 940 4943 6316 8374 2081 1035 2727 4645 4812 7854 3560 1140 9317 9437 9538 9046 8177 2693 3401 2706 8296 4458 882 5671 4725 489 6883 5756 7804 7572 5470 7512 9851 4658 2468 21 2003 2277 9013 2072 552 8881 3485 7884 4419 9638 2665 6101 9623 4947 5452 4745 8868 2431
58 1249 5685 7765 7692 6590 2702 1269 166 8400 1600 6806 7501 1064 6120 7118 1501 676 5284 8020 5829 8410 5013 2424 6780 7004 5849 3237 9934 9656 7874 1807 949 4316 6326 5494 1942 4170 8736 2134 4255 1367 9254 2253 2047 5819 5191 6347 8574 454 325 4294 5865 214 5380 4715 4735 9738 2223
49 2578 4381 3067 9717 7522 50 3634 7569 4719 5598 7000 2077 1930 6230 1974 2366 1747 2400 7610 1223 9872 8572 5832 3488 7387 326 3346 5474 266 6318 3116 4539 9939 7347 9047 2778 5058 5097 6026 4312 1461 764 4682 4478 8762 8961 9591 1304 885
58 4821 990 3440 1281 6514 7785 259 8381 4788 6566 3303 4345 6960 6588 7936 4181 8508 3360 9233 6885 5843 1138 9515 5559 2781 5674 4776 3740 2341 6929 5529 5110 9582 3348 9169 174 1649 7368 4945 4497 5107 3707 5325 4549 9436 9651 1218 7384 2563 797 8725 9949 1208 6671 6745 6592 3252 5300
52 1010 8922 6124 70 1960 5524 138 9472 3146 6756 8024 9195 8123 8192 7410 5584 9613 9016 210 4701 6497 1830 4320 5701 6578 4283 9189 9091 7537 8286 8785 8389 6161 5688 5975 6412 2808 8025 5437 9421 6125 5228 7327 5606 6901 2940 2596 9864 2655 8561 129 1144
49 4229 4928 2104 6181 3377 2717 1781 1038 443 5733 6793 3917 394 1895 2088 69 1002 5023 739 889 833 4113 5888 5153 1739 2211 321 2649 1973 381 8446 6400 6904 6294 3631 255 6744 1151 9104 9792 7657 3068 3467 7833 9956 5724 2677 6856 2139
55 8404 4575 9017 8409 9867 4924 2504 1209 4226 1474 698 500 4619 4079 4605 985 2300 7316 1436 2809 5604 7029 7573 6460 3030 2078 1884 7637 5498 1484 3192 5138 7993 6307 9424 1891 6661 1305 629 6721 3382 3321 8948 9179 1970 6496 2785 7646 3823 5398 4601 2304 1369 3528 6279
50 9967 6385 5135 527 774 8096 7009 1087 6324 2024 5745 5605 4847 4385 6696 9857 6117 507 405 9850 4062 4185 3160 6968 5256 5115 8958 7897 7376 7425 6731 9997 9218 9181 440 6741 2378 2385 9955 573 3867 7148 9100 8042 8613 110 6480 769 792 5906
56 7383 8599 8298 5781 4452 4403 7116 1042 7581 4382 5543 1998 2875 5861 1187 1618 5898 2305 2735 9945 4412 6192 9180 3788 5360 6634 2283 8258 5127 8650 823 7295 9666 25 1183 8643 2740 9862 1575 1340 4367 7516 9800 8188 9177 244 6142 4631 2957 5808 5963 7794 2570 9182 8582 1543
51 7747 8366 6579 3121 8911 2757 8627 8965 9805 5338 7500 6223 9432 1073 1823 9433 6016 4723 4173 2356 7651 999 852 5162 9597 5055 2853 2168 9609 2975 1033 3458 3164 1007 3702 963 3659 1814 5649 1702 6958 7690 5454 3007 1278 5574 6154 5456 5331 7335 585
51 5472 5628 49 9856 6037 3130 699 2676 588 8169 8583 9575 1642 1293 4818 5145 6827 8455 7302 4425 3301 2657 4397 6813 4554 8277 6398 2213 1135 6465 8295 1470 9250 4086 5064 3777 6203 6755 7652 2503 7186 2467 921 5441 3745 988 97 7878 3230 8434 505
58 7389 8233 4514 2707 7586 9173 9558 354 2271 9497 3012 1095 238 2410 9953 5266 7357 8737 2119 5680 4372 2491 8817 7888 7188 8607 6528 2804 2363 768 3718 456 9378 5823 6083 6553 8988 4473 7746 9581 5476 7027 1167 6224 8658 2246 867 5217 4070 7380 5990 8581 2831 9762 1569 7908 2487 7130
53 336 595 8251 5886 4906 545 2535 1662 307 7649 5401 8240 8907 2547 5255 104 8799 9981 2651 7095 3894 6204 7174 8205 3606 6748 6319 6725 7718 979 5799 2256 9773 9077 6724 3085 5236 5263 1961 1976 5564 8056 8206 4348 9342 3407 7727 9443 8848 3292 6521 4197 4248
52 2106 1077 9768 6551 2933 7338 5428 5486 180 9779 8265 4902 2167 3589 2268 9946 3226 587 8894 8503 8131 5037 9706 9367 4732 54 260 9589 6041 1289 6231 3595 2669 5899 2551 1905 989 149 5664 7279 2013 7786 1985 4465 7183 4819 1312 1143 2690 5246 6850 3443
51 5439 3815 1030 7926 9134 9910 7346 1583 5570 8729 2001 8307 5919 5112 8214 382 1632 4462 3724 4148 4488 5306 9114 5041 1165 6939 2983 9664 6189 3462 1866 557 6822 1916 3166 2267 8908 423 4650 7480 3388 9000 8272 6155 2733 286 2612 1462 6438 3847 2206
57 9518 3224 2308 874 1157 7213 2923 2626 8211 5768 8669 291 5332 6038 1941 4068 5029 1196 5993 9159 4907 6495 1913 7801 3424 8915 4387 1757 9261 3499 4257 1331 5237 4325 9350 6419 4252 1120 5140 9560 4565 2058 9031 8461 3571 1108 3110 2714 7925 8383 3 1391 3288 1115 8930 986 2266
50 7254 3794 3594 6629 854 8665 4034 526 6369 8578 5802 2254 7731 8009 2439 1620 9138 3882 9163 2152 812 8667 2084 8109 7336 1441 7673 4686 6384 6071 7622 2095 5413 6895 8920 7101 5085 1487 9849 2995 6535 5075 7540 9648 9811 3367 7031 3899 4838 6035
52 574 1625 5833 3850 3476 7379 2678 6333 9055 8498 3726 4315 8588 2075 5434 6562 6957 5248 531 4720 650 4774 6441 1499 3247 763 7861 7812 66 460 2852 1432 6100 2319 9470 2379 8534 2699 622 8539 8764 8951 808 4634 2115 6119 3622 3906 3039 1213 7385 2608
54 2516 3897 1836 894 7991 983 7156 5087 1626 3403 2587 5851 6475 5136 9784 9430 7717 5582 4968 5061 3327 5838 1271 4974 6658 4211 404 9772 6933 2387 3032 7892 2071 1320 4705 4918 315 7851 1765 457 11 7655 8040 7978 4995 2584 8430 4134 1286 1922 1966 6306 5514 116
54 9681 8077 8674 3003 1342 721 2435 576 9726 925 256 8445 5038 1733 364 3386 8755 7286 270 5475 3564 6354 3014 7740 272 6260 1962 9962 2325 8285 8107 9438 2828 6272 5550 7791 1204 9447 1812 2780 3158 4730 9168 2862 9382 4230 3447 8267 4166 7805 3529 7578 9469 987
55 9386 3812 9051 610 1608 8833 6453 6183 5451 2616 4411 2764 5152 2089 2830 5392 9595 2309 522 7255 4647 3808 4454 8518 4278 6821 4717 1363 4007 9376 9719 6500 5487 1454 7663 44 6673 2939 7287 6265 7809 5012 9235 6175 1947 7325 1496 4772 401 2097 818 8998 7564 5621 2176
52 6158 3452 880 4755 6994 9803 2710 5305 4059 6447 5729 384 1681 8866 7066 4750 3889 8248 5551 9733 5277 2712 467 140 5593 959 5205 2123 4168 200 6906 8717 6215 5761 8154 2420 8223 6014 142 35 8801 536 474 7927 2473 7595 4224 8147 6157 2520 3934 7880
54 155 8429 128 1158 6009 9107 6548 5698 8015 1726 1153 3159 105 1131 8347 8105 7268 8993 6390 1846 6829 5977 1085 805 5686 4234 7685 2977 4377 4997 9570 349 7528 7416 7257 6034 51 2635 3965 2063 9244 4355 9273 1103 9067 6881 5879 4692 4989 8691 2353 3821 809 7497
53 1523 923 2865 8542 6720 580 6540 9345 342 7014 9593 5704 343 3435 3008 7059 7886 1613 3546 271 4409 8232 1086 1838 6244 8995 9632 7282 8968 68 1693 1036 693 1265 1518 1224 555 7056 7545 3359 6388 6953 317 7132 6872 1324 6660 5100 5056 2546 1714 4587 7526
55 9987 5835 7498 53 9546 3394 8792 5114 1287 7262 1134 7856 1860 703 4550 9893 4980 891 5623 163 156 2195 5479 2101 7221 126 1509 3073 9711 3824 2238 2438 7641 6220 2561 1863 3700 9976 7859 7222 7299 94 4182 713 8236 2243 1588 5335 9060 1875 2324 5424 8070 1133 7770
51 1886 7706 3434 426 1006 3464 8956 5216 6784 6689 7149 2215 8687 4543 5405 7798 7998 237 626 7352 4045 877 9471 4702 4303 4404 1425 3513 3088 4349 2478 7672 8106 4523 3656 2358 5547 6115 8321 9590 8478 8751 4439 2888 9178 5878 9442 7264 2374 2684 1000
55 5399 3261 7656 2042 2639 7252 3638 5883 9211 783 8548 5546 3768 1091 7778 2704 9162 3180 669 8122 4646 4066 1548 158 6439 6526 5059 4121 5307 5422 3373 9817 9766 6843 3896 7140 5645 7551 7584 2380 8611 1574 5130 7763 2098 6404 872 7624 9969 3019 3912 7182 5024 9249 570
58 3141 1631 2638 7677 4526 1081 1876 5272 1635 829 4621 6600 9318 2170 8796 4456 7085 2463 1669 375 8367 6348 2038 7757 3501 7441 252 4609 6854 8467 5723 9010 5539 7463 5754 8268 9166 4293 8417 4693 980 7686 3992 8982 2451 9968 1664 1027 1638 8219 4346 7596 6772 8104 306 6256 4078 4830
56 1147 7899 7266 360 5757 8511 32 9052 3487 8145 2219 2059 2594 38 1558 1377 4369 1054 6206 747 4126 7445 1111 9574 7546 178 337 4716 2118 8719 9694 1855 2440 9742 3427 8885 998 7474 8438 7939 7697 5020 3999 9439 3312 268 2235 2615 2800 1182 9081 8928 8369 9026 188 430
53 863 8053 1546 3479 9543 741 4532 816 5950 3525 2973 6934 5846 3398 6356 2906 7844 4722 6770 1406 4493 5815 1755 1380 2929 8675 4231 6422 7382 1881 6127 2202 8563 373 8696 4408 5220 1417 9431 3783 7839 5247 4198 2723 71 5053 3523 2019 5811 19 8668 1817 5386
55 4376 3273 8043 7924 5772 7597 316 4524 6777 4026 3884 9326 2944 4534 9647 4853 1402 6855 7220 2953 619 7235 383 2825 3036 6668 1491 6729 8039 2976 6886 3696 944 2102 5873 7423 6795 8684 243 4662 9612 7259 3727 5469 1728 9187 5902 3781 6051 2708 9660 1335 8406 2290 4207
58 7499 3701 4993 2194 4934 9194 3117 292 4805 5636 4608 199 6961 5914 7967 4833 3772 738 9943 4961 5900 7552 806 3674 5102 9368 6362 7089 8728 4254 8364 5955 7530 4386 9534 8653 332 6323 6544 2085 3991 1488 5199 6280 2994 1553 2646 6091 45 4852 9736 1510 1507 4443 4561 2767 5885 8197
52 2421 9213 9704 1567 6033 1059 234 970 9622 6739 5552 4110 9577 7487 3775 3651 855 1566 4567 7736 9554 2784 9290 3694 6448 2125 4824 2383 8786 250 2773 3357 862 6351 7250 9004 3950 9634 3065 3919 7702 3747 1577 7666 3761 2802 3215 221 1921 5060 3946 2280
58 7973 7446 1707 4738 3353 1066 7507 6467 8112 6723 6248 3530 2568 1897 6063 7201 4131 6389 548 966 5196 9048 9425 3998 6577 2640 5798 6663 9456 1645 5947 3769 7531 7342 8852 1068 8659 9751 7941 6683 2136 4158 5033 22 5726 7430 3679 444 2645 2863 5373 6619 2775 7398 5741 2131 6999 9208
55 1137 9064 2082 1003 8804 6237 357 249 9279 3474 7695 4568 147 2805 7198 1230 5166 6964 3851 4279 8067 133 2227 8044 4814 6191 8953 9814 1365 3931 7879 3801 5816 8608 5721 4277 8540 5627 9566 7629 6209 6990 5366 9572 6742 873 7204 3397 3323 5557 5625 6924 8482 4128 7040
58 7411 1076 8901 2532 4548 2803 6607 6471 6969 9025 5766 7028 3859 1689 7985 3193 8575 9009 8387 6977 8079 9466 3172 4979 9196 3699 1032 602 6616 7386 2218 8678 7394 3955 2483 9191 397 879 3465 9427 9569 1540 5907 1186 7843 2607 9669 4806 5744 2816 7752 2919 9603 3266 9777 2186 8531 447
54 9780 2550 7378 9205 625 5616 4667 4291 2517 4721 3227 2789 1889 2837 8402 6682 191 628 9092 942 9841 1674 8308 6000 5695 7055 8686 2030 2882 3711 2317 3054 896 5379 3304 4484 1542 6099 5824 3313 9639 2390 8519 2414 9853 4046 8158 6020 4748 5116 3970 7975 3124 617
57 2336 9193 7146 9324 8559 4176 6922 5655 1339 5326 9058 5668 8263 4217 1708 8741 6757 6801 1405 2974 2560 2736 6110 9580 7098 6700 212 7097 2166 9007 2145 7135 6641 1731 3920 6165 3535 6633 4139 4798 2725 7421 5257 5045 4970 7949 5108 1466 378 6520 3040 685 6413 3022 9327 5304 2158
53 3692 9071 427 5748 5329 6113 8408 5946 6090 4551 5708 2026 2902 3366 1909 47 4763 9027 5030 9323 2569 2885 5432 605 6221 17 3444 1659 4364 6112 4461 8769 7627 4875 8355 6435 1189 6918 6484 5581 3473 3562 6771 5209 5046 7592 6338 2893 5965 836 4553 2622 594
58 9686 5376 4577 8884 5203 842 5126 8793 7105 2140 6802 4654 2060 400 7842 7067 9578 3650 207 3579 7612 5797 9567 1220 8892 2777 7230 4164 475 8865 9360 1944 8489 8126 4946 289 3610 7136 8761 2881 4005 4925 4117 6315 6799 8841 6730 4444 8985 4897 4560 8872 7633 4422 1055 2824 7147 2079
52 3869 4872 9115 6022 2461 5821 9061 9528 1468 5426 6995 3289 5863 1464 9509 1149 1241 789 4222 5218 2282 0 3170 3813 2641 9251 7955 7490 6329 264 2507 8772 9127 2274 5595 692 8711 9413 3558 4668 9657 7032 5336 5397 8422 9231 9358 5416 9076 9083 3586 5644
55 710 517 3017 597 3034 6775 9337 131 1898 6722 1458 1309 2637 4175 1893 3206 991 7429 4421 1302 7631 7618 3617 9876 388 2896 2129 6873 7160 5790 5375 2921 8876 183 6687 6427 1416 5415 4054 5204 353 9034 6635 31 9503 9645 7640 56 1703 8133 6271 8945 8821 5750 8142
50 1345 814 960 3469 7909 3284 3497 2007 7157 6650 3677 3178 1835 8310 3658 2360 4556 3101 4152 1438 1596 7588 88 3293 3134 5903 1586 5429 442 6965 3380 2610 9243 6143 711 2832 6241 5641 7134 5657 1811 3205 4849 1409 3614 688 6478 811 1744 8814
51 9954 7846 1229 7181 9739 5044 7025 9921 8215 2879 9596 9106 901 7239 4204 9122 4793 2681 6989 6086 8830 1429 3866 6105 4785 897 1709 8759 1435 627 1385 3484 9311 3800 2413 6941 2857 5679 2705 6798 5251 9377 5460 1014 1522 6078 4024 3392 1850 8357 4530
52 87 1759 6426 4596 6703 9504 8270 9321 4927 973 1453 5287 2595 8924 6831 5901 9644 1869 8050 3491 716 1621 3472 8703 5144 1565 6477 4138 7043 2946 2922 7267 575 7966 4536 8069 5010 6587 1210 7814 6690 920 9453 3966 9662 3387 6375 8836 1937 8789 2871 3406
55 1460 3028 2447 4782 9935 9145 2509 7247 8259 4594 2355 6466 6116 3583 8342 3016 546 3256 9140 9012 4017 6636 7019 3315 5040 1599 6903 5212 3162 5891 9905 365 9198 9030 6487 8287 6751 541 2449 2965 8763 3281 9404 5566 3792 1746 309 2815 3076 5531 8173 9184 1328 8631 9146
49 1629 8388 2652 4588 1981 745 6421 2489 3604 8798 2732 6674 6808 659 9592 6066 5190 4932 9753 3915 6254 3200 7932 525 3276 3383 4873 5785 6766 8184 9362 9094 1902 5177 86 3100 9755 1292 3184 4080 5490 8271 4694 8869 4655 1408 1444 917 813
55 7694 5607 7513 7481 5308 2157 8530 9789 3647 9625 3075 8913 9286 1819 3556 771 7638 5229 9961 6068 1058 4199 8451 4177 8019 3759 4436 80 6932 8950 1839 1020 1955 2744 8346 3951 6530 8330 6377 9304 2015 2954 8396 279 9474 3559 2192 5260 3786 2401 8570 3482 7881 8139 1656
58 4672 819 3857 8941 2022 2996 2813 9926 5230 4190 4746 4489 6765 3199 7086 1718 1190 9692 4829 888 2395 8444 3611 6718 468 4014 1934 9379 7548 9529 6943 1673 2273 7532 3429 3278 4032 369 9991 478 4084 6754 2062 4940 529 5527 4727 7034 801 4535 323 4077 4108 341 9527 5342 3591 6331
53 390 760 8218 361 1028 3297 3721 1180 6202 1658 4146 6733 7885 7455 9760 5988 9006 3241 7787 1590 7017 8800 5299 562 2806 1127 2109 780 8895 3964 8918 6194 3893 8477 4356 4985 7035 1401 4877 1016 9598 3782 3933 7981 3271 8490 6816 4115 3433 598 1818 4960 9038
