8 2581 6139 1215 3947 5655 8914 3109 7228
8 7005 3411 1777 1833 9191 9687 8482 6955
8 1900 3281 8118 1634 3667 6905 1464 9953
8 7936 4704 415 7206 9188 1538 8810 1383
8 8890 1054 5920 8945 4366 2700 5752 8654
8 203 8586 9511 5990 521 1071 8500 9616
8 9913 208 4867 9684 1561 9324 2475 807
7 5137 9349 1977 8478 4844 8663 4476
8 4839 3840 1406 8731 7926 3806 258 2677
8 837 109 1189 2551 3406 8399 3516 707
8 303 6048 9619 8693 2702 4571 5319 1705
8 7270 4455 8747 7847 5083 3018 4375 6616
8 3654 5948 4713 5193 2074 4262 7073 7863
8 4094 6418 6618 3326 1711 7306 3548 1703
8 3156 8342 3739 5554 2900 278 5151 5515
8 5497 5668 9685 922 4384 6938 3243 1153
7 445 6361 4525 2118 2451 1303 3889
8 48 565 5970 599 4784 1578 810 3631
5 2009 4648 7355 1289 446
8 9256 3616 629 6647 7446 6275 4265 1056
6 4829 2651 2706 5941 8963 3491
8 1138 6123 5087 3615 3910 3501 7780 2689
8 1335 8784 6172 1024 7276 4373 525 7239
8 1178 8219 655 9002 2142 517 6510 390
7 8578 7092 9595 5394 7747 1536 9827
8 2949 9078 6784 575 7949 2340 9489 3863
8 7318 9164 2305 7920 7627 7796 7544 7238
8 9121 9137 6023 6513 5984 9073 1926 4295
7 8703 7196 8243 9576 6593 5016 3676
7 3580 8236 1660 5815 7971 3330 8701
8 4059 7768 9680 6739 382 6446 7532 1312
8 3444 1503 1346 8343 7616 5528 1278 6715
8 1992 4659 9751 8876 2960 3751 4132 6514
8 606 4693 1135 5678 6159 2837 7449 6577
8 2418 4980 8614 8079 9228 3116 6209 4484
8 4377 1097 7129 5853 6102 8627 5667 3023
8 2384 2512 3036 5602 1524 5793 6788 3456
6 5018 378 8786 4150 4385 9359
8 1209 8588 6607 7266 7277 6408 40 8716
8 8292 376 5425 3534 2524 7258 3206 590
8 8630 9306 6924 1644 2016 8248 8460 5536
7 4679 5282 1986 5769 1008 4526 8422
8 4435 549 4958 8848 4204 2466 5936 748
8 268 7685 4673 1110 5158 3996 2631 9608
8 7429 9559 6329 138 2648 2045 4974 6991
8 1993 5324 7994 9495 1597 8504 4149 395
5 8773 7465 9249 5812 5825
6 7913 7174 6062 1119 9479 1555
8 6807 3294 2869 248 8610 969 4061 9398
8 7468 2436 1613 39 1050 6915 2911 6315
8 6135 8448 2673 6078 717 3282 1588 8870
7 1815 8675 6639 8042 6059 9582 4412
8 8518 3375 4090 9657 692 9006 8442 7368
8 9888 3358 830 697 4043 7082 291 9999
4 7952 8878 5103 8330
7 8227 4507 5218 2972 8161 640 269
8 7293 8758 3430 2589 7960 9518 5177 2454
8 5299 950 6942 5124 1352 4368 3180 8433
6 9675 3972 4034 2288 9648 9569
8 2576 9347 7884 8984 4714 2350 4564 6792
7 190 9996 7171 1693 5562 5084 7713
8 2296 2881 8158 6799 8576 5734 6594 4650
8 7320 6804 1430 8477 4405 8307 411 9909
8 1664 32 8566 2164 7352 5581 8411 3809
5 9020 206 942 7609 8402
7 6654 6831 6248 9640 1781 5492 712
8 2920 1674 1883 2115 5106 3166 416 5821
8 7070 8085 5516 6921 3847 1413 317 9465
8 6115 2941 6132 2366 645 3022 3832 3872
8 9084 169 7117 9784 8695 3219 9760 2764
8 6783 1984 9947 7209 1106 5763 3150 7426
7 6252 2357 5679 8246 6680 1847 8561
8 5113 2112 9071 7631 1485 6431 3995 8862
8 3457 5716 8191 1595 290 7497 1011 9311
6 3607 474 9561 6197 1787 5478
8 1305 4346 7428 6526 9830 6515 9350 4022
8 8271 8458 1527 8213 5816 5036 6394 6775
8 920 6851 6843 2967 4372 6572 4067 2148
8 5445 8989 8464 5743 4698 5917 570 2300
8 9698 8370 4494 6615 6747 4380 7305 26
6 5192 6706 4411 7153 8153 4823
6 1528 8435 1319 7560 9147 6063
8 3527 3129 1475 3722 5155 1765 3318 5661
8 677 1869 4143 5287 8761 1917 919 3576
8 2106 5089 772 8212 6716 9163 2157 7524
8 1438 3381 6900 8143 4560 1590 3488 3656
7 8711 3149 2330 2760 7703 1623 8895
8 563 1908 7558 3839 6567 72 6796 7590
8 84 6735 656 6476 6345 1388 7819 9580
8 4309 5615 2605 9291 6751 4748 1890 392
6 7640 6307 5234 5295 9186 5348
8 769 6438 3770 8615 6155 3308 4534 1526
8 2432 3090 3029 4328 3261 1743 4674 8778
8 3988 3830 768 9623 9939 6389 8286 4891
5 9550 9763 8998 6015 548
6 666 3338 2128 9872 6972 3207
6 8329 3362 7125 4468 1129 1322
8 3253 9626 1794 9952 6181 3345 3917 7586
8 5424 4028 1601 315 2086 9762 8180 8618
6 3743 1803 6855 3955 8095 6795
8 945 187 7569 1723 283 7729 2879 4811
8 7399 9274 8686 8715 1989 6506 6489 1938
7 6694 2520 1257 8290 7361 330 3718
8 9851 9670 7929 9636 2302 2067 4457 8122
8 6901 6718 6340 4495 3262 2557 9877 6250
8 3471 5235 9477 1838 3266 5638 2080 8120
7 1492 3208 95 1177 4335 2405 4069
8 4379 4984 3990 2217 3316 1531 6352 3681
8 9393 3398 6663 8830 9310 6287 7402 3492
8 4184 3564 5241 3307 7674 6236 3248 762
3 1874 7122 7600
8 6780 6338 381 4628 9444 6835 4460 5179
8 7013 1240 761 3334 1724 6103 6914 4402
8 1066 5335 3579 6216 7191 9175 2367 5664
7 6456 7190 241 2324 1458 4131 7530
8 9544 8112 1620 3753 4406 2567 2962 7057
7 3572 7438 4282 8800 6033 7919 8110
7 7227 2999 9761 6850 4915 5509 756
8 9216 823 7512 2291 3368 9893 6617 4592
8 7475 3692 1630 8792 8826 2374 6733 5640
8 4885 1170 1414 7226 3391 8469 7416 5891
8 9581 9411 462 8007 1255 9491 9493 2492
8 7325 7253 2919 9141 6777 9535 9501 8119
8 8965 2696 3779 3403 7848 8836 2258 7154
8 2147 8055 2110 7384 4786 6707 7452 5547
6 8175 4717 4433 8752 2192 8572
8 700 8708 5381 2453 7502 2918 2823 4474
8 8509 8310 7948 3623 5226 5993 3769 7472
8 88 3786 9282 3833 5219 6727 4212 3259
8 8670 1773 1160 9968 9556 9777 1287 3084
8 2917 4233 4387 4772 2611 9924 3407 9916
7 1192 225 2245 7301 4388 6034 6830
6 1543 2783 4959 1104 9867 2620
7 8149 956 1494 4594 1746 9356 559
8 9852 2742 5034 4938 6245 6370 3610 9664
7 311 1845 560 9109 3532 5747 6895
7 4833 2838 1223 8510 518 3003 3835
8 1315 6547 8737 3772 1591 5099 3703 9639
7 6656 4171 6662 1907 668 8347 6499
8 222 277 2577 8346 9988 4734 6790 6194
8 4687 4194 5628 4558 812 8415 7447 2864
8 7957 5598 2973 2681 8932 3404 4956 5563
8 3951 3541 9992 3524 877 8051 4670 4324
6 1978 6502 380 1324 5314 7972
5 5991 7109 7635 129 5325
7 7329 3544 3760 7291 8828 4339 7951
7 9627 7186 69 7150 5383 4952 8048
5 4214 8088 6327 364 1085
8 6110 8102 1500 3463 5301 6688 9154 148
7 9523 6645 3393 7630 5852 8608 7828
8 7229 57 9345 199 8481 6551 5506 8622
6 5744 8449 3790 3685 1737 1114
7 6952 7116 8420 2129 5094 7736 7315
5 1635 5751 6188 9044 2926
7 8587 8167 5263 9649 1108 6841 7087
7 6794 24 9402 7645 6669 1959 9049
8 5890 4842 4532 8960 1471 9492 8394 8154
4 9976 7347 3323 8047
6 157 417 7690 3921 4798 7482
5 7716 3817 9134 1778 8913
8 7657 1530 7693 7614 1474 9245 2372 2070
7 530 6024 1245 1914 1769 5223 2038
7 5517 7572 1745 7341 8170 5152 1333
8 6321 7677 8681 7263 9179 7212 7806 7878
7 2356 6202 3270 982 6272 2561 5339
8 6724 2566 375 9165 9972 2991 6468 6505
7 3869 2166 842 6186 1037 215 9251
7 8024 6786 1564 5040 3 8851 1824
8 4437 1625 313 6620 2075 8604 2871 6148
7 3236 986 8739 2979 9460 1283 1400
7 4894 8868 7861 8259 9892 6049 6520
7 2176 9549 3531 6927 7466 3186 6717
7 5510 4153 4011 5352 5427 6845 8490
8 5090 7934 7687 4686 7663 3582 5320 9921
4 6039 6173 872 8332
6 2735 6570 5885 6601 2177 3504
7 6765 4536 7816 8339 2834 5327 4019
7 1447 3816 7114 4711 4857 735 879
7 6457 4502 4981 4394 484 8056 7093
6 273 511 3732 9421 3908 7147
7 6913 6575 9140 7636 7272 3075 6335
7 4414 1512 7207 9681 3924 4036 6018
7 9401 3170 4421 8609 5052 9660 3301
8 3024 9503 9819 5699 6609 4100 2946 914
7 6404 3976 6805 4443 9748 101 4982
8 9935 9705 6101 8774 2025 8231 2555 3517
8 3549 7020 3384 8996 8534 5898 7158 962
7 3329 8128 2108 4318 8662 7132 4275
7 19 8671 902 8284 4810 1759 6595
8 8967 5654 3542 1689 5959 3306 7974 3380
8 4848 3148 6012 3657 1816 349 6210 1408
8 2571 3557 3693 2893 9475 2076 8037 4075
7 3333 8306 607 9089 5347 6501 7784
8 1273 8190 4003 694 7727 9021 5412 1473
8 9412 8059 8302 5082 230 9500 9007 3115
8 4665 9090 3119 7894 4850 999 3198 9970
7 7804 4255 5764 8077 434 3942 5373
7 9901 9068 9743 7176 7113 4180 3041
4 2718 5426 1381 8891
7 7862 892 6409 3141 2947 450 8451
7 7553 6424 2675 4499 3232 2825 1642
7 1867 3513 5756 916 9899 7571 4862
7 2135 7444 3750 337 9708 2592 2851
8 3168 41 9926 5161 4830 964 9162 5020
8 8382 2060 730 7098 3211 2237 9384 3611
6 5402 210 8157 6597 895 5578
7 6069 9042 8023 6085 3881 7247 1456
7 9305 4914 1725 5658 5804 134 8755
7 7104 5025 2585 2 8459 8172 4697
7 585 775 881 6982 8562 2071 4479
7 6269 6849 4139 6013 8289 3906 5501
7 6296 8555 6649 3451 6682 6231 9184
8 117 5887 3276 8486 4566 9801 1793 4901
8 1888 9166 5285 9513 1355 2565 7717 8349
6 9927 1384 3057 4224 3515 3957
8 3257 921 6767 8563 5041 7016 192 579
8 9254 3176 9046 1047 9612 3296 1172 9891
7 8699 8728 3469 6387 7139 850 6170
8 9768 7243 4109 6261 1756 2215 8606 5138
8 3005 9707 9450 5433 3136 2636 8320 2890
8 2531 6199 2904 353 801 9624 6994 948
7 7585 5189 8520 8705 8822 4660 5646
7 610 896 4481 8492 2124 5455 1225
8 3103 4706 3530 7602 5367 453 7639 9374
7 961 3245 8184 6527 2769 9468 9591
7 3410 4450 5861 4297 1666 793 5787
7 6228 3442 7837 4024 6309 4202 783
7 8736 2963 2910 5457 2687 386 7720
7 6875 5719 476 2835 5997 5349 7244
7 5721 2559 2261 293 6282 9755 3737
7 7928 7319 8367 3845 22 2849 7182
7 5649 8973 4128 657 235 8846 6782
7 5227 7494 7704 7148 8646 2028 362
5 6044 2751 8875 8815 1327
7 719 2536 1755 8821 9352 7706 6935
7 6403 7442 2008 9710 9866 547 1380
8 6916 5406 1511 2235 5862 6540 8240 6479
8 2519 9654 5866 3038 1742 4616 9438 9829
6 61 1323 4544 1208 5618 9770
7 200 4661 4756 1509 9706 2763 251
7 627 4973 6630 6503 2058 350 1594
8 5358 1090 3859 9284 4123 1544 1579 7881
8 8351 3112 1332 4117 6253 9222 2064 3043
8 7975 6160 2556 173 9055 8759 3081 8201
7 6695 3188 3622 7579 9372 6725 6600
7 9267 3196 66 7296 7858 4175 4994
8 3055 4056 3655 8652 4331 3873 721 289
8 9514 2026 957 9464 9574 5582 3706 2059
8 6410 4017 1272 2395 4845 3774 75 1277
5 9003 8086 6119 9370 7506
7 7249 1111 3632 122 3395 2290 4672
6 4467 4395 1236 4934 4230 5272
7 7357 3605 6818 7793 8660 3008 2697
7 1515 7134 1489 1496 3006 9986 9488
5 4637 6742 873 8780 7519
7 4225 726 1123 9496 5911 3810 36
7 6053 2293 4063 5875 3319 45 4160
7 7965 8378 8028 1163 3428 5820 3644
7 7314 3891 3205 8431 2678 9145 3012
7 5205 4115 7490 1668 9571 145 9308
7 8406 9890 554 1817 687 9280 31
7 4307 553 4245 6808 9386 2970 562
7 7141 7406 1228 9487 6038 3452 4181
5 9459 9806 3414 4006 6152
8 8204 7710 9127 7010 2984 5075 6300 432
8 825 5766 6484 586 2646 2396 3305 4005
7 7557 615 9563 5958 1985 5759 9507
7 2056 3958 6455 9112 1162 4513 6819
7 297 6381 6879 286 6416 7854 2902
6 4080 5934 6548 9929 1610 9895
5 3025 502 4520 6086 4337
7 6912 1004 5827 7578 1814 8114 6881
7 8133 3540 1735 4749 6359 4745 4267
8 6239 7759 3663 4930 369 33 8908 5173
8 3371 8642 1994 6580 4137 7003 5754 8386
7 9691 166 4887 506 9652 1028 9885
7 1609 8104 7576 2969 5452 5246 2929
6 7346 7610 3788 2533 4465 7844
7 6189 2511 5955 9505 9233 1296 9865
7 8978 2912 3420 3789 2484 351 2597
6 3147 2439 7403 9839 7675 8946
8 2507 9325 7445 9729 8030 7128 2844 7350
7 734 3585 9035 3122 3952 9240 9773
7 8146 4815 3773 5559 8969 5178 3111
7 3017 284 4965 9651 2111 9221 3684
7 2297 5377 4944 9400 1519 6543 7641
7 6822 1267 9702 9722 3135 491 3887
5 497 5868 2270 516 5513
7 533 5601 4986 6983 2380 1180 3836
7 9864 9011 7931 202 703 8387 1659
8 9625 4475 6762 5133 2440 8790 3711 2172
7 4742 1557 8902 7000 3913 7908 9997
7 1593 9538 4208 4953 9982 6447 9661
7 6150 3426 3778 3829 6957 5732 1093
5 2465 1363 856 7284 6687
7 1995 5480 1949 4441 1657 3015 8278
6 8832 6965 9364 6000 6259 594
6 1200 7692 2390 6544 8924 1545
7 5049 7188 4088 9246 2587 6301 4678
4 9974 3068 4485 5444
5 2603 1386 439 5240 5968
6 6711 8653 9617 1143 4427 3431
7 9314 5695 1655 5486 3152 7297 3591
6 4935 3708 7924 1533 2155 8948
7 854 6536 1252 3949 5206 3660 247
7 5856 7889 8505 4074 6363 3441 1300
7 1372 6971 2327 285 3759 581 1088
7 9965 3051 8187 2198 4881 9434 7496
4 6412 1311 3073 1563
4 3067 7612 9912 1844
5 3445 9820 5371 1582 5470
7 4020 2578 7422 3940 7177 9943 8756
8 5693 2828 3239 3373 8173 5963 7121 6371
7 2720 8955 802 1902 9458 1606 451
7 8803 5686 3584 6908 9788 2943 1540
7 4112 8856 1835 9153 3590 5800 6065
7 423 1441 6677 3989 2875 6516 3327
7 306 6485 2467 9880 9426 153 5159
7 1313 4855 1580 9980 4625 312 3749
8 2883 3435 1912 3798 1275 9822 2043 4448
7 3200 853 4404 3007 3187 6679 3662
7 2015 1843 2220 4491 9236 5247 706
7 8559 3066 8075 7045 6043 7754 8087
7 2788 9207 7493 209 3361 3102 2421
7 7911 8462 4873 6566 3293 8242 7303
7 2986 3047 583 8214 8297 6035 5988
8 5086 7451 5711 8637 2539 9130 7047 4721
7 2774 3849 3190 4877 5627 8457 7979
6 5983 9610 7900 5451 2416 9307
6 1002 1422 4493 8108 3389 8825
8 4349 5477 8981 498 6324 5236 960 226
7 975 4630 6120 9237 3511 4738 4926
8 5727 5507 617 2304 7164 5336 6014 7251
7 8787 1866 1010 370 839 9373 7814
7 3603 3364 7628 8564 7178 115 7436
6 2934 9744 2284 2856 1973 9601
7 6206 156 282 1371 569 1214 7591
6 271 419 2790 6883 7279 7773
7 9805 6903 9537 6512 4478 4773 1622
7 2538 2711 8434 3049 7062 6037 1652
7 2278 3608 5614 6980 8390 2423 5644
8 3647 7040 3202 6426 8439 3258 9059 6104
6 8203 4826 8831 5021 7658 8230
7 6004 3030 7323 2776 9062 4082 5293
7 3321 1863 1721 1436 2882 968 5842
8 6466 7554 2036 9981 9376 6671 1358 1643
7 4071 568 2385 6196 6581 6075 5458
6 2123 9466 9270 2407 8393 18
7 7430 7864 4654 8933 3342 5943 1877
7 2784 9202 708 4244 4073 3687 616
7 3555 159 9586 742 915 1983 9404
7 8557 5713 3453 6517 3649 9826 8019
8 394 4021 29 4195 928 2052 9585 5531
7 400 9846 4656 4988 696 597 8735
7 489 4882 5437 4788 9853 6627 5894
7 9757 5060 1774 639 1979 7170 9088
7 4910 9316 9769 4624 6949 5257 1726
7 8484 8425 9037 6638 851 6055 9214
7 9869 513 6984 3494 5755 478 3099
5 3546 1146 3635 6230 3536
5 5332 6360 2244 524 9803
7 6031 7041 8373 6868 7328 4898 6441
7 3197 6026 4642 3905 1182 3661 2858
7 6003 3311 3606 9774 9092 2283 7189
8 7088 7709 2738 1232 997 5140 2545 790
8 3821 4657 9645 1861 4730 6427 5338 5485
7 7373 8338 7463 7392 5100 2034 3927
7 7471 1349 9838 1876 2387 6891 4846
4 1757 6133 8182 23
7 6304 5091 9158 9136 8498 9340 2806
8 7575 3875 4205 744 2364 6797 6334 5474
8 5440 7956 172 7135 7823 8252 1806 8633
7 8071 5971 4154 2632 5648 333 9391
6 6220 6430 9072 178 6622 9750
7 483 2006 3901 8357 1940 9764 2326
7 3855 2275 4119 5593 1450 8354 2878
7 7230 4511 8698 2383 7231 9529 8299
7 4794 1550 6689 3225 2987 8364 6518
7 5387 8795 6190 7815 7942 3844 7767
8 7499 102 8962 2649 6776 5703 5705 1285
7 8262 9087 8198 6772 9050 1572 7527
7 2316 7118 6201 1033 6495 6460 5669
7 6265 300 6247 7830 3397 6436 805
7 1830 5771 5064 5093 5194 3161 7642
7 1465 9273 5120 2584 6886 9451 302
7 6922 9313 2663 4415 5556 4728 3679
7 3758 6740 1784 239 1650 2517 5176
6 4428 3629 711 4549 1707 2951
7 6710 8155 1102 7987 815 9239 3637
7 7993 9409 8298 1423 158 5062 5051
7 519 6182 4104 5700 3726 528 3048
6 4733 2313 9641 4539 1933 593
7 328 6402 9712 4840 5085 5121 8554
7 9733 1079 9628 6474 7875 5893 926
6 7198 100 4796 1587 7923 7621
7 8489 3697 4410 6168 457 217 923
6 672 3795 9452 6674 5851 5834
6 4761 753 3230 1238 7089 9600
7 119 8040 7873 8160 1885 5209 5354
7 4601 92 9045 3799 7195 4859 9599
