29 5831 1813 4773 4535 6113 2013 2018 2674 9084 5183 3242 2509 564 1948 1461 4378 938 9103 4826 3915 6118 7904 3053 9253 2691 5780 7921 869 341
29 5454 8085 9441 1205 9515 2519 4677 9675 6874 4889 1011 6674 2260 907 3923 8426 335 834 1903 6839 7198 7041 1443 2427 5764 8305 6217 5930 6537
29 2854 3384 6959 5751 404 8872 1465 1245 5772 5496 5384 8931 5442 4423 5093 815 7081 7834 9518 4725 5061 7452 4620 7220 9886 8164 1327 3633 7577
29 9997 7633 436 7724 8829 3537 9899 8968 9289 9994 7598 9173 858 2153 6291 7171 5037 8158 5927 967 7266 3206 1514 859 8075 3451 616 2587 2561
29 9670 474 78 9128 6869 9772 7910 3858 8001 1996 7135 8734 6354 3199 2080 8341 5239 1231 478 7208 7254 3221 6886 3510 2731 566 2099 265 3082
29 1434 7545 5865 6416 5349 7721 2608 6128 883 6163 7484 3637 2040 8639 2464 274 8942 4493 6527 7943 6525 9449 5558 5016 6709 6495 7970 4516 124
29 8033 4967 2417 8875 7244 3671 9665 1541 6538 2457 9267 741 4658 2520 2682 6719 1416 5013 8667 226 2073 1455 7480 9524 2866 8522 1875 277 2791
29 8019 1125 5564 3681 357 1756 8111 9986 2801 5878 4888 5124 8455 1721 2032 1261 5081 6714 2259 46 3539 1534 579 3112 3014 516 8402 7315 7341
29 1111 482 4349 6030 2930 6421 930 7359 996 1304 7869 4223 7816 863 7586 3470 7888 3723 5986 7325 5920 7530 6070 1378 7595 3308 6029 5432 4962
29 5679 9594 8434 5206 8543 9096 6231 6994 3158 1545 6609 9593 1618 5063 1482 213 2327 4027 7447 2216 4709 5576 5676 1447 8393 9563 5092 1522 1851
29 6599 2191 5370 2769 7625 736 5706 8201 2983 6233 1688 7928 7950 5869 1358 9455 4434 3419 285 6232 944 9146 6592 5946 9710 9828 7938 4963 3952
29 1179 8039 9031 4957 817 2037 6299 5376 1897 525 4665 2643 1544 8015 2780 2015 3814 8414 500 549 1625 9597 9722 6086 5996 6397 8895 1027 6441
29 333 1512 8781 405 2049 8445 5580 6419 2771 2511 7610 2255 3456 8476 9959 3978 9469 6758 1502 1565 8817 8113 3990 9205 9863 9927 1615 3188 7207
29 820 6982 4088 9804 3367 7723 9907 979 6446 2106 5749 6914 4612 5840 2546 1457 7196 812 2473 7959 3497 7250 4932 4012 25 4841 4422 9192 8180
29 3016 9960 8850 4327 9559 2746 7944 2135 2247 9737 9529 1647 5803 3819 7431 3983 3461 6353 3204 5205 9843 3965 6342 2104 1765 6503 24 6673 2436
29 719 3991 4980 5237 2051 375 9223 7338 4521 2499 8808 7651 1320 3807 3246 6338 2226 2949 4357 9946 5111 206 2566 459 1939 1454 7123 9838 1199
29 2038 5388 1566 3693 502 7430 1600 9107 5159 3167 888 3631 7404 3812 1774 5730 169 5614 2070 9512 1722 3032 2486 3084 3706 6068 1270 2523 6511
29 4506 3632 49 3044 2971 6868 1487 6519 8506 8211 2955 7082 2408 6253 9769 2753 7236 536 2639 7783 3017 9496 6702 8179 6136 2567 6783 7478 2994
29 2995 8406 7421 1410 1220 7259 7087 5850 8541 6473 5597 546 1144 8413 2656 5924 1046 604 244 7821 8361 4041 4651 1372 1594 4196 2959 9330 6301
29 9191 6956 9591 3534 7699 4817 4795 1515 3934 6764 8358 2068 331 8939 6375 1892 3213 2466 268 7634 4225 4912 9301 5702 9101 8105 8768 1106 9784
29 9145 1204 3860 5668 3735 4784 5714 9955 2161 5935 7680 6590 3685 9217 8675 264 1341 5662 5419 8612 5414 9275 8739 5657 4615 4584 7923 1791 531
29 2870 8424 8710 6488 8166 4082 2468 2489 9989 6860 5906 943 7846 4179 3514 6629 4893 2692 6288 2045 2958 4208 9789 948 3154 8555 3906 503 694
29 6430 8698 3075 7798 6864 5144 5351 1854 2136 5900 3035 7195 8989 1280 2759 5268 2111 9709 5573 17 176 1006 9306 8802 1716 6881 5559 3918 9544
29 3440 5939 3877 5553 6283 4227 8494 6427 3185 6312 7835 465 2606 7884 1314 1873 4340 5741 471 2118 727 6589 898 6986 6013 321 9829 6240 6179
29 5954 9446 1670 5153 4214 2775 4181 4948 2961 9260 4190 5106 6224 2165 6147 6345 1887 505 5957 658 3924 5684 6911 312 6251 8542 1697 9388 4916
29 2849 1833 4071 1247 1818 1197 3573 6470 5369 7748 392 7068 1749 4160 8761 802 5531 568 8269 7051 4016 4780 4463 9903 8803 1295 1629 2157 9346
29 7590 2452 5721 3618 6677 7286 7191 3346 6328 3192 3018 9090 7877 2977 4855 3211 5567 9174 2128 2750 6526 4810 8188 8747 9124 651 1916 2532 9478
29 2603 1817 314 2399 1260 6242 3680 2728 1149 5474 4679 1163 6178 805 2842 1636 6376 6334 3776 2344 7920 3823 3022 4959 2779 9080 3345 5991 7502
29 8141 3153 5798 3640 9967 8120 3847 3465 164 6979 3340 8330 6115 4925 4602 1353 7932 4902 5103 1065 3564 8163 8852 4593 9905 843 6184 5950 8009
29 6440 2772 7937 2472 3442 6493 3091 408 9954 6188 8689 560 2897 7973 2939 6156 2757 6494 9473 1252 4245 7497 7454 3559 4631 3697 8236 2809 1268
29 6042 2202 7251 8324 5680 4046 4313 6551 2832 8680 1226 7815 4696 8755 3888 2193 9893 6724 5295 3252 988 2787 5234 5300 2812 1470 5527 9873 4058
29 6428 4236 862 9019 952 6844 2782 5783 1253 7955 5514 5791 6386 7043 3889 1458 4149 8023 1748 6270 7913 1501 4265 9977 2709 7856 6722 6587 6906
29 9413 4796 6796 5653 5829 2101 9484 9848 3644 1089 3603 4292 2539 1418 3646 673 7778 7210 9867 3973 8091 7582 2392 160 1393 6798 6833 3334 2504
29 5835 666 9988 5127 8439 73 216 6500 9380 4388 5983 9575 2818 918 9800 57 4258 4934 4837 1286 6381 3874 9602 4927 2211 1981 3161 9866 9604
29 156 6021 5077 1499 3177 5423 9407 3243 541 243 9973 9821 1319 3508 603 9292 4970 3327 9214 8921 8806 3900 7987 485 4369 2257 9580 9748 6405
29 7678 6812 256 7487 5086 5705 1133 8417 6300 8263 871 4728 5420 2743 6398 5356 4310 1720 1763 5179 1200 3097 3374 8202 621 9774 3872 3570 4087
29 681 4473 7979 2228 7329 7253 9803 9975 6167 8642 753 1548 4293 7589 8630 14 3650 6962 649 7571 3523 9468 828 8789 6832 9987 7772 4875 6091
29 2446 6638 8786 1365 931 9817 7381 5163 2601 5822 2651 9067 1960 2044 5716 9483 6963 700 5636 7027 8930 8157 5445 5158 4666 9586 4791 8062 845
29 7759 6497 2557 7969 8438 784 8790 7347 1944 7190 5045 5018 9919 3759 3721 86 9011 4865 7999 3999 136 1979 6467 2302 7810 4297 8374 1773 5193
29 8450 7205 2496 6936 7992 1907 9831 5167 4589 3341 5911 4565 7596 1589 8124 5191 2653 1013 9070 1652 3000 1513 3597 2210 9582 1446 6842 3645 7911
29 9832 352 7918 9366 16 8884 8765 2435 9870 8912 1168 5699 3174 4919 539 6670 7159 8171 2997 1116 7067 3673 3994 5665 9620 3842 5372 3071 711
29 4078 7313 4338 2954 7416 9097 422 3528 9795 9314 4500 4262 71 8775 4761 2645 101 324 3248 3394 7797 2543 9550 6636 8081 7843 7542 6625 4585
29 6507 4501 8227 5128 6444 7894 8257 8737 9425 9851 8325 8369 8769 9008 9250 2872 8757 2307 6505 650 8209 1506 2579 7644 6660 1105 1705 5375 1635
29 9738 4119 1113 8952 1715 813 4716 794 2158 3427 2289 4127 1754 8371 7088 4839 1517 5498 9345 3790 6734 1699 6239 5091 809 4702 950 8744 3810
29 306 1030 1285 4099 9150 8624 1542 684 8486 4003 8025 7330 8294 9135 3942 8796 3287 7200 7433 1043 7563 1077 4409 8836 4291 3583 3173 5551 2103
29 1572 3628 3312 4259 8841 7180 8820 43 4117 2654 521 8976 2900 9303 9344 7700 9122 2806 9730 1090 7034 162 9318 6103 7477 4890 2789 6447 6121
29 7418 7760 3827 5109 7183 678 7769 2642 841 8274 718 9677 5766 7242 5152 8498 4059 583 307 4405 8357 9879 7339 5452 5515 9030 5915 7194 722
29 7426 1386 3302 9791 9627 1076 6341 9467 4562 7812 2909 3835 8907 9664 2893 5731 9427 8866 4763 7646 5663 5710 7301 4783 7125 6751 8774 5851 1289
29 3387 8730 6879 544 3350 6767 8865 9909 7605 4289 8760 3315 239 6337 1494 1122 2568 1351 5043 7070 5616 2347 441 9069 9041 4698 1607 5285 1651
29 7833 9038 1924 2350 8237 1053 2992 7896 9310 3802 7709 7776 1796 1467 2657 6851 5958 180 1823 7547 2880 725 783 4450 6569 7705 9094 7997 5002
29 4523 5160 7787 2649 6925 3291 949 308 2175 5322 5584 2050 6368 8813 8035 6696 3499 6946 9337 9105 3788 9086 7658 8738 3237 287 2487 4353 126
29 6975 3247 8044 9984 2756 7488 2673 6411 2679 363 360 1899 8938 3416 198 639 6306 1941 248 7874 6549 2366 4342 4505 2308 1263 2105 7537 969
29 526 3179 4238 2304 3866 1442 9268 7840 87 9126 2230 3434 1490 1553 3477 3674 3971 2113 5060 6469 3433 8340 8690 2398 3936 8011 3796 3472 3143
29 327 2091 7529 1734 4710 2384 393 8478 4588 8655 8483 5694 3310 6836 9118 1832 4240 905 5415 6020 5544 1782 6981 1628 3196 5294 1313 9841 4329
29 8725 6891 6671 5534 3764 4009 6876 7866 9240 6256 4281 3955 3839 7258 30 3180 5755 3184 840 2515 4626 8229 5099 7524 4517 1396 3421 9505 7533
29 2851 4753 4581 3856 627 5522 598 3479 7927 5637 4163 1002 1920 609 5994 3599 6009 6079 1806 495 608 6608 9652 2250 8002 3226 7788 7775 5823
29 9321 3209 2182 5247 7351 9811 5682 107 7981 3532 9087 4140 6773 2056 4851 492 7500 3602 5463 6247 1803 4536 1669 3577 455 6011 4412 9782 6575
29 8232 3590 9688 416 2555 5020 4231 2433 9393 6412 21 5811 6310 5367 382 6432 645 4815 595 5087 3617 1696 1475 2553 5728 6161 4714 2594 3375
29 187 9211 1492 1192 69 281 590 3587 5512 8462 1020 5429 7645 9185 1171 611 8217 3824 1156 1394 3230 5922 2612 2618 105 2828 5621 75 6627
29 9058 2090 1130 4660 4757 1772 5138 2541 2707 2624 6820 1290 3695 4343 2981 9716 9 4103 5816 6803 4102 827 7905 1900 9759 661 5507 7947 233
29 6424 3265 3210 3172 5826 2236 4673 6747 8638 6331 8943 1723 1003 430 6996 635 7172 4570 5272 2127 3142 9226 4039 3729 8018 617 7697 4707 470
29 1666 9538 5966 6635 3051 7279 4903 4745 3715 1423 9720 4818 2465 2314 9931 6998 3895 3102 7133 6346 1992 8521 5873 2978 1580 7677 1136 4419 7215
29 7427 1568 7309 7636 7295 3331 4183 2745 4446 4229 7305 7935 4019 2903 2237 1535 4838 2425 6695 3666 1180 5364 3397 6339 8559 2848 7246 3285 8805
29 3883 6062 5097 4217 1964 6459 9629 2591 1064 5055 1861 6651 2577 4294 8109 4288 4727 2029 2754 8795 7113 2117 8647 1790 7520 8880 8061 7066 3580
29 5455 2517 810 2963 1520 4777 3443 3195 6584 4363 4941 644 3622 8686 1936 4488 3013 2839 9295 5891 4563 4173 7669 3848 4271 4981 1010 2134 4881
29 9159 9498 8399 3950 3503 3347 5436 3335 1132 9437 3986 4290 8538 9300 6945 3368 4470 7813 875 2688 3809 4508 1869 7967 7683 5526 1211 3006 3386
29 7277 8568 8969 3064 5181 919 4278 6990 1258 4527 5862 4782 3548 6460 9707 4332 494 3359 3261 272 8354 3133 3838 3614 5715 501 4897 4235 6164
29 2822 42 5334 5967 3099 1055 4126 2391 5301 7743 743 2076 7257 8956 954 580 8497 6476 7103 807 5078 2377 9680 8742 2510 1550 3663 1665 6491
29 3155 9243 626 1595 1429 6150 9121 8500 5176 1306 2558 3055 4147 9414 1701 3672 8999 9671 6863 4854 6805 7391 9813 2025 892 2441 1150 6074 3818
29 7138 7539 1060 5233 5308 5949 8471 6752 5861 9420 8067 3430 3303 1744 7587 4883 4125 7189 2882 9199 5328 1084 9036 6324 2571 2537 8298 6320 8753
29 175 523 8170 750 9131 4553 4302 8022 4263 2415 4241 3863 1097 3771 3700 9507 5541 440 8997 7373 4024 8557 6593 3948 6619 7731 6189 7063 8392
29 6130 4904 2241 6234 2524 5400 9585 975 5170 5879 203 3563 6697 855 7099 6462 5174 444 1654 7023 9373 1251 6116 4061 4008 1798 4352 2678 4576
29 9925 5030 4169 7982 3283 8421 8012 791 8377 6409 8652 6707 1405 6298 3401 5214 2432 9528 2596 4861 2827 3591 6848 2694 7166 4961 4461 2634 5921
29 9392 6190 7638 9635 6578 9147 7086 2410 7468 3675 5547 893 5282 3003 2671 3026 299 9570 5098 9701 4007 7263 2934 9819 427 5918 8270 7540 8311
29 6781 8468 3505 8026 6620 9625 7464 851 1735 901 9363 5530 8666 922 9390 7702 6180 9659 7083 260 5034 2529 9840 2197 4138 3958 2481 1533 2338
29 2717 596 6475 9104 6699 5148 2644 9546 3156 6531 3908 4272 5488 9233 7532 9197 1063 7975 5672 1619 3509 6081 10 1583 749 121 8416 4184 8151
29 3875 3516 1983 6092 2815 1152 8754 1340 9362 1980 7390 9809 6582 1459 7238 6134 9596 7673 4441 3916 9313 458 9167 3578 5747 2008 8412 946 2217
29 2584 7662 3772 1067 1024 6292 5348 3318 3912 1207 615 2928 1797 5265 6692 7307 8210 2593 2133 3853 4154 8451 6560 737 5380 5907 3008 2007 1766
29 2635 4398 5740 4151 1278 1236 4307 9619 2562 5843 373 2867 3543 5578 2369 9400 6837 2445 6039 463 9234 9536 808 3111 8729 3959 2968 9786 7326
29 6885 8407 6597 3781 7603 9416 6643 4692 8723 8042 2542 2397 5024 2686 1068 2125 4756 2975 3046 3372 8069 1586 8411 9020 7152 4197 7903 3634 7899
29 2150 4878 1191 429 1066 1740 1677 6049 2477 1519 2629 1867 5405 32 6321 6451 2224 4406 1450 8767 8359 9521 3413 8030 9374 1820 3468 8514 6207
29 8849 5049 1186 3482 1758 5066 1804 6919 3683 3130 6856 4921 292 3849 2342 4280 8140 842 4389 4464 2455 6642 6209 1153 5221 8487 1181 3970 6810
29 7136 3775 1348 3867 3992 1659 6822 5863 8627 9153 878 5309 1493 6399 8560 844 4610 8336 7069 9758 5572 8405 1018 7754 7791 4735 2444 2016 4659
29 7584 9861 1816 7380 6152 1560 5499 1994 8791 4158 9412 5404 4440 4986 2967 3961 7013 744 8313 2580 3178 4427 1982 2559 7807 4270 9100 3059 4594
29 1717 6668 1491 9699 4573 6816 5117 1777 9461 7629 1671 7906 2998 5330 1070 7290 2869 2690 5487 6853 4899 4013 2285 9004 6534 7729 7854 9527 9163
29 4661 5008 7015 3268 3744 9761 1004 1440 2303 5068 5434 9502 9833 782 3896 5546 1673 9066 4023 7476 4198 5469 7977 6662 2706 4973 6498 5774 5284
29 8103 8653 9942 5613 5251 5224 220 9059 8182 1668 7925 1172 9035 1023 4277 7167 1616 5485 3085 4972 483 2641 8088 6688 6577 6360 8539 6133 2084
29 7653 1893 8851 8143 421 4192 9229 8076 2313 7117 6385 7876 4425 2500 5606 7515 153 3056 2420 8571 3750 7945 5824 9576 1115 5844 2670 8314 9941
29 1769 8983 9227 9636 9123 9777 4597 7541 2375 6215 2646 6434 5533 7344 7893 5443 2714 9262 7262 4143 8457 4859 8127 7154 1634 4337 8583 8771 4361
29 586 8472 1531 4824 8327 6177 5478 4942 2318 7891 2943 8877 3629 2973 7853 1511 7271 461 6555 8608 2650 6477 2284 9022 9143 5667 2456 7652 697
29 45 7179 4503 5129 3009 6032 3267 4251 4524 4110 3925 6456 116 5909 2428 6701 9421 9877 4187 2700 4686 5518 1966 7647 2976 9535 8195 1990 8618
29 5260 1387 4751 3476 6995 4096 704 690 3724 734 3791 6449 6238 5998 92 9232 5040 6124 66 8098 7504 1155 9399 4416 942 3719 8978 4418 63
29 4891 3709 7794 2847 7011 9428 9915 9622 36 7614 7268 6849 3584 9434 4090 7124 7733 6403 9783 8397 8674 7092 4336 2214 9148 2357 6932 6596 7264
29 9822 1048 5130 6155 2469 9454 4486 2450 4566 8641 5687 8437 5451 8925 5230 6644 4525 5806 6725 8580 1463 9605 1005 2405 3909 4224 696 6806 2925
29 962 3361 1751 4239 8697 8594 9485 7317 2919 4025 6033 3454 7150 9179 3920 3568 9209 1336 326 5807 1201 4920 735 7119 8981 20 7002 9802 1868
29 102 6845 553 9561 9785 4887 745 9395 7870 9203 4306 6515 4100 3449 8591 6453 3886 5827 9823 7064 7535 1232 2177 4366 5812 7261 8092 849 4915
29 4172 3171 8948 7014 3701 4867 6985 1865 7872 1301 5425 4002 9703 125 831 1135 6850 6617 4853 3714 6259 5754 5286 7687 9112 9001 764 2494 5885
29 6340 5756 8592 8540 1644 6794 3907 3151 5523 8798 4792 3484 4132 7346 6448 1507 2889 8041 5977 3736 8054 2655 4848 4075 8533 4695 7837 3901 3399
29 2863 698 3501 5241 1795 1923 5896 2794 4134 8251 1427 8347 2826 8864 6228 7385 6223 9276 4842 7826 3966 410 607 2360 1361 769 7934 2582 3279
29 7318 5057 7402 548 8890 5744 5435 6112 91 8264 1121 7525 4749 2354 4215 2278 1453 3880 6315 2733 4333 9479 7139 8554 79 4287 2814 6246 6422
29 5604 4049 7439 7394 1398 489 2036 6562 964 1549 8623 4988 2262 6508 1249 9617 5447 2312 7684 2696 7017 4484 5019 8515 3274 3985 4923 5987 6513
29 8057 8246 3235 8083 6102 2339 679 7296 6162 4997 3392 9051 7429 1879 8355 9252 1848 6965 5799 6788 8703 3793 7440 9523 4840 6883 574 3021 2528
29 3660 5955 8513 3027 1890 2401 167 6616 4799 848 3825 5818 6612 1262 7882 2387 2945 9323 4086 7225 3357 1432 3676 6248 2953 65 2807 4539 9958
29 8709 4390 450 7864 7528 208 5901 674 6550 51 790 258 4316 5417 5202 2631 4118 2411 9626 3337 9649 765 298 5173 8077 714 8918 5065 8640
29 7849 8184 4481 9702 8586 4093 3619 9235 2142 5366 59 4687 4599 4617 4546 7072 3113 5212 8199 992 2362 897 5039 8203 3311 5549 2585 4512 973
29 3160 1573 90 8885 2253 6410 8897 80 4575 3166 2595 594 2463 6811 7696 3073 4106 2173 6875 4491 2159 9009 5624 4042 4381 4237 2059 9724 4964
29 6423 1539 191 6117 432 6348 6618 177 2937 1194 4201 793 2802 6948 713 4862 5539 8702 6736 3342 6458 317 8104 7055 3779 9767 2170 2611 9697
29 3117 6791 4701 9966 3612 2024 9669 7406 9339 4413 1557 4519 8552 777 4230 1383 9409 1906 3594 1234 5338 3200 7197 6108 3015 5795 7654 6546 592
29 3183 7822 7720 8049 5945 7176 402 7392 9499 2680 1986 2924 1176 8509 4829 7556 5426 6759 7410 829 4876 9305 1546 9201 5593 2400 8068 4643 7649
29 1999 7096 2069 8745 2 6485 5867 5556 7483 620 391 4873 9158 9844 9326 6350 9411 7437 508 8452 8212 2356 2340 983 4580 8060 7004 5033 6090
29 5371 9194 1909 7115 9322 7151 5102 1222 2061 5133 7455 5412 1747 2534 6624 965 5643 4800 5617 9237 3658 9663 4296 1974 1800 5032 4268 9018 7414
29 6056 7639 1842 1339 2578 215 1631 6359 8418 6824 9921 1880 1292 3095 7831 8550 9830 9595 7585 6034 5626 5494 4242 4907 9208 3840 5717 8682 9577
29 9351 4447 9695 4650 5456 4474 9241 3741 7393 141 9110 3989 5847 6098 5379 3897 3047 1391 2592 6023 6923 2621 9569 8192 8987 2329 9423 5970 4775
29 1785 3562 7694 487 5612 2358 9238 6205 9781 1883 4577 2923 7300 5108 5817 8242 5652 5150 6938 6894 4606 1041 6254 1841 251 3467 836 5470 6413
29 1466 6543 5528 40 2535 738 5860 499 431 1871 7209 9952 9092 8859 6721 8901 1221 5775 3773 9920 7548 217 9331 6774 6222 9134 5948 1864 8443
29 2758 5837 8078 6482 2965 4976 1760 1282 4348 5090 4844 1908 7000 249 2845 6433 6621 398 9929 5605 2081 6101 8252 6408 9950 9916 5042 7422 2894
29 8099 3533 4392 8980 2459 9251 6452 8793 1602 194 1564 3490 5200 7612 7312 4676 2508 4738 7350 3414 8342 4569 1277 4360 7413 2119 9474 2942 2107
29 1141 5383 417 2813 60 8681 93 8389 7078 1344 3670 715 7949 6552 984 6418 5026 361 4399 9511 6047 146 6126 4681 5225 8024 6564 578 5211
29 4141 3288 6890 2715 3050 589 365 2238 5433 358 7037 7785 5411 7056 7001 2348 669 1741 9429 6193 5339 8923 826 7711 5660 8986 9900 5269 9212
29 5919 6557 8386 8134 3844 7865 4788 3114 610 2078 3892 359 584 8115 337 8871 5287 3525 3549 1901 7398 6723 8838 4319 1305 4490 5787 2719 3116
29 9180 2765 1938 3598 779 9027 1198 5739 2233 5053 1248 4906 2724 9280 278 3409 4693 8133 9928 5047 672 8785 8985 3542 5615 5386 3030 3826 8194
29 3236 6610 1860 3295 4718 1612 9456 3604 5639 9056 2030 6252 8824 7298 4471 9712 4054 388 8839 591 1208 7657 3023 4036 6076 3354 439 202 8932
29 2734 8961 8183 4937 4655 2221 5125 6815 7660 1837 8602 2935 8604 9311 8787 1552 4509 3325 5393 6297 9684 6694 1478 1254 1316 5276 3366 8816 6014
29 6808 5482 1704 3579 6005 343 8234 1012 9531 110 3882 4435 8861 1847 5450 5346 6471 64 8537 1284 6383 9259 4210 5232 894 6303 7965 7908 1212
29 9189 4466 910 8927 4933 5182 8204 3984 5277 2525 6708 9012 5874 5015 6182 1830 5056 9717 4498 6219 4445 6957 9379 4326 9170 2123 103 2367 6017
29 7914 7704 8286 5310 4476 504 7668 2322 3745 1620 8214 527 3360 9824 5962 1057 2006 7635 2319 4618 3569 3726 29 2732 8708 2189 6008 8395 6614
29 3831 2636 4807 5794 5632 6746 6859 8553 2960 5119 5647 3110 6763 7443 4477 7276 1413 5628 9316 2988 9926 9061 3426 8606 8117 3406 5275 6730 419
29 1808 9460 5113 9956 5968 6966 8093 5925 9885 1259 9835 1526 2416 3944 4748 6726 1828 4836 6064 8570 1274 5089 1311 9065 7604 5582 2380 2957 1177
29 4960 6683 3968 6756 4909 5724 5116 8178 1904 4204 5501 2948 3453 2114 2019 512 775 5385 7129 6372 5651 1646 4850 7666 2269 1323 637 7907 2786
29 5959 4671 5944 7109 1325 62 555 9725 9149 7670 4124 4266 2610 3065 9672 4112 5114 7836 6087 1582 7145 7389 7933 1978 9099 1881 3101 796 9895
29 601 4060 8118 540 1422 1283 7185 4454 8381 4856 7419 4823 3795 178 48 183 4645 7848 3728 3093 4806 6855 6602 6260 9320 3522 6269 6012 6804
29 8561 1896 3551 8481 1123 6657 3997 6274 380 2194 9908 4504 6728 838 7265 1536 4146 8908 4299 2602 4233 1162 351 614 1943 8891 7100 1099 7527
29 9106 23 5557 6664 7026 7482 682 383 1219 9376 6171 7039 865 628 2300 9810 6904 4812 2047 5631 9195 242 4613 349 2883 1762 655 7820 3444
29 9151 1574 4458 563 3139 8957 2242 5253 7024 7473 4657 1436 9871 2184 9453 4723 5001 6045 8056 6394 1945 3561 8287 3661 6907 1288 3072 1596 9510
29 13 612 6603 6258 5460 7581 6753 3170 3784 4929 833 9029 5347 8142 1667 5842 9587 3891 1970 4211 8380 9333 7444 2046 9342 4257 6390 6865 5517
29 2163 3123 6785 1614 462 5696 970 4809 8874 2331 2071 3494 1934 8185 3389 8254 6048 2929 3615 9471 6132 9578 8818 2248 978 9687 5870 9358 6135
29 8724 9328 7606 2205 2526 8992 7203 484 1081 9338 1679 8144 4601 5833 234 3677 297 8288 599 4451 1591 8344 9472 44 6532 4561 2804 8799 2451
29 8595 2586 8903 4802 5520 6211 2762 8036 4703 1433 3506 8573 8332 6192 9196 2206 3193 6417 1400 3189 3294 7425 5995 2063 6867 7966 6633 825 496
29 3145 839 4870 3524 4436 1604 9200 4315 2892 9762 8153 223 7873 3393 6772 3463 4043 2379 8491 4554 7274 4133 2162 3066 9517 3083 371 9555 8909
29 4801 2652 1312 9385 7230 9263 2301 1707 3625 1643 2122 300 1091 6272 8348 5104 3552 9567 6054 6604 7269 7255 8706 6899 1227 6305 6142 5392 9600
29 9215 8205 7708 665 4186 5313 2352 6738 4885 9078 2947 6862 8094 8435 1308 7795 6653 646 9644 4056 853 3358 5155 9610 1287 6637 7741 9847 3227
29 724 27 3471 5031 1776 2167 2531 3513 5355 7401 4774 5137 5441 5135 1761 4080 9513 8116 774 6004 5141 8922 8929 4884 8845 889 8619 3048 582
29 9696 6197 6347 5476 9076 3405 7054 9272 7691 3905 4064 83 3011 4743 4276 2970 4207 6343 618 7366 5554 767 7074 6316 5101 3940 340 5204 5208
29 3448 4759 144 874 9052 1016 7201 8933 7671 5189 4720 384 6486 9279 9681 5067 716 2625 7141 5165 9639 1953 7897 1529 7583 2385 5712 4097 4347
29 4804 993 8870 7516 1675 9754 7637 4377 4931 4641 7522 5601 4428 8915 9704 559 903 6146 9480 7762 4073 9834 7956 5560 6943 7726 6377 9650 8879
29 2805 3452 9075 7890 5855 2912 4323 2687 8289 2028 2052 8967 3241 9334 4011 369 6119 6120 6739 1984 1949 770 2669 8510 3351 4683 8132 4605 7936
29 3039 8394 1038 1809 5416 2126 2838 8920 7111 8528 6318 4401 9228 5579 2033 9325 2447 2798 4159 1058 6158 1755 4663 7019 2501 4936 1928 7978 1445
29 577 3833 7335 7867 9980 6819 8442 927 2788 1852 4945 9249 6951 7919 1894 2326 3639 9509 9005 3282 9693 8065 6501 2991 8516 882 6823 7534 2907
29 2368 5595 5377 8717 5895 1961 6634 5396 4694 1516 5059 4892 8616 7130 99 131 112 5246 6199 4770 4429 2089 7498 3727 2054 1891 1967 7806 4131
29 2600 7343 9787 61 1985 5022 1414 675 4325 3300 7122 5661 109 877 989 3271 2697 1581 7510 763 9432 8905 7101 8788 717 6169 951 9109 9154
29 804 2803 5908 2767 4123 9678 9708 1784 8249 5238 4374 8260 8826 8855 4578 2704 3837 490 3550 438 1332 8428 9265 8343 6704 4552 1399 1428 1627
29 295 9913 1037 6778 1257 4622 7621 2738 4247 1307 8677 3975 8482 3136 3894 4074 9598 4706 8496 3485 2438 7469 8748 6713 9953 1015 547 4793 4502
29 2223 1109 2152 9755 8766 7986 9489 4628 6276 6221 1532 5951 909 8231 623 8168 5248 1606 8161 2277 7085 5785 7228 7453 4995 7801 3829 7718 3708
29 4768 8383 5213 2573 7177 3118 2637 7675 4221 1189 1120 5083 4583 1170 7739 4335 3820 1338 6827 3967 757 6917 6290 3208 9347 1786 3074 98 4300
29 835 9288 4808 2933 1608 1210 662 1821 7202 7036 7727 3364 7560 2675 8338 7758 6991 6438 6777 201 9102 7892 8456 2454 6916 9698 8268 2716 4556
29 9340 6729 4068 4715 8936 4309 1217 9583 1770 5222 8159 3131 9287 7792 1885 6111 1858 2299 348 7640 8280 3689 4255 5305 9637 4407 6663 4771 1154
29 8097 9213 2297 2141 3855 1276 7976 6686 437 6185 4443 7838 8611 8255 3382 5409 9169 8529 8230 1157 9574 9171 1989 5009 8244 1022 7841 8670 1185
29 7735 552 1956 8432 171 2295 4015 7356 5406 168 8617 4079 2355 1402 9283 4167 6977 3293 755 2726 7420 4209 2896 1281 7280 8916 7178 3531 3436
29 5552 4066 6888 9273 9115 5126 5446 22 4044 5802 5704 5768 7328 3941 920 4776 6492 9419 8800 7170 1164 8716 8160 3450 7164 990 1473 1991 6974
29 1788 8546 1143 2140 4286 9773 1412 2797 1242 5856 2011 5297 2325 4180 9430 1272 9673 1611 8321 7160 3223 959 3438 2927 6654 8830 4526 6576 8636
29 3902 8504 2198 7744 309 3696 9943 2027 7755 2097 4168 8350 9372 4598 1052 2475 3458 5841 2290 154 6934 3593 1297 9766 3988 7371 3530 3403 5273
29 8544 7793 5115 6284 1241 5318 2868 7349 3388 2286 7131 9548 4511 5306 8475 8759 8599 1169 912 8048 3739 2471 6019 3478 6838 120 7399 3120 2518
29 6096 3665 8566 9408 288 6710 2439 5105 1370 1525 2547 9057 5834 1963 1294 6565 4365 9297 3822 8973 6691 8467 4426 3352 9285 7789 1369 977 5107
29 2098 3878 5529 7481 6563 8714 5303 3904 261 313 3546 6210 3078 4045 4351 3747 4244 8396 2402 8524 2458 6355 2597 9948 2703 9463 641 7187 5644
29 2156 7574 1862 3682 5461 908 5201 7379 2176 1326 5279 6648 1032 4199 4139 1927 4226 241 3690 2665 2871 7465 1183 1859 3712 3946 7094 6843 8696
29 7851 3611 2711 1691 3411 1131 2359 8914 8588 1683 3379 4212 9309 2404 4637 4232 5484 354 5708 562 8444 6281 2074 7411 5110 6762 6969 5591 7688
29 8598 4634 2330 7707 498 3703 2908 3037 7931 8131 7875 5100 3290 7077 4218 5076 1495 8107 9641 5745 1072 506 1995 6782 2926 4026 4866 5666 7260
29 8946 6227 271 2396 8693 53 4175 9745 5343 5490 2760 3277 9964 8842 5477 3692 613 3473 1480 3969 7627 9623 1112 8275 7770 9869 5877 1911 3232
29 3249 6425 9522 1267 4442 2218 3917 6547 3500 5058 3481 4689 1303 7557 1853 7102 507 3885 4359 1523 148 7501 5449 8306 9613 8585 6947 447 4331
29 2440 6392 1036 9646 2353 6731 3019 9990 1354 5510 8318 4344 5592 8878 6895 3108 1114 5340 4911 1775 2816 5011 7360 5649 8485 3607 1503 4708 2507
29 5634 534 4166 8053 4507 4386 4273 5457 2001 1419 670 5281 6878 5854 9002 5820 1352 4094 4991 7964 6536 2905 821 2964 1266 3218 8240 8945 7885
29 6198 2086 8657 8282 5082 1093 2323 8517 8488 4137 473 3121 6954 9862 8189 3657 5027 2663 355 3475 1955 6391 3996 632 6181 8750 2215 3857 7641
29 6950 5147 4797 7161 1025 5693 4393 8673 8783 6263 5382 2412 8844 2800 9381 8610 8425 1710 8271 5283 1362 9603 7902 3588 9642 8272 6442 7460 7456
29 4467 3937 188 1275 1417 4152 5353 3272 9308 4831 4243 2020 9218 143 3495 318 4109 6939 1977 2676 6067 8474 8632 9713 8955 1464 936 9354 4254
29 9488 1035 5914 9606 6255 1095 8239 7489 8904 4341 9231 4136 8345 9902 5732 1918 7912 9706 7098 3052 9085 7862 374 6289 2885 4913 3038 2783 2423
29 9742 5703 1807 9806 7957 2506 939 7980 8005 1872 4047 4376 1044 4417 2982 1054 4648 302 5853 7241 885 142 1374 1129 787 4872 4135 3876 647
29 8858 2864 7929 7020 304 9735 6622 8687 466 8040 6183 2825 8446 3507 5804 7184 3571 6712 4541 5893 847 6241 6769 8994 6929 6821 5562 4625 7234
29 8090 7511 5472 9951 9940 4005 250 6027 4483 1193 3398 7942 6010 8378 5646 4414 4538 8495 1087 1075 7211 3861 4705 5776 8218 7214 4685 9643 1648
29 3511 7674 1021 6871 2085 4391 173 6727 7580 8458 3402 3435 1460 3028 2014 1567 6649 7079 8984 2898 3725 8427 932 5629 7518 1672 7850 9204 7559
29 9581 726 7358 9850 629 9856 7149 4758 5274 619 9089 1695 799 2761 7075 270 4312 9156 3466 8563 3395 1356 8014 3943 2478 4479 9015 6952 9438
29 9168 957 3383 1421 4629 2840 443 8235 8493 9883 9760 228 345 1698 6208 9119 9426 2660 5630 6140 6095 3538 3498 7659 7386 3664 4635 8548 3057
29 4107 8315 3765 1554 8277 9139 9397 5610 1555 7304 8577 7450 6367 6024 2549 9609 5642 5394 3244 8684 7057 1331 4176 5359 5985 12 6266 9982 7417
29 9111 5524 6250 2640 7543 706 7441 9880 9415 6572 1444 7188 2004 2235 8621 2632 6607 6877 6336 5362 2702 9657 7512 4459 2667 6404 3474 7756 519
29 602 3704 5537 7084 4200 8966 8924 3420 9949 8974 7284 6997 6018 9072 3806 5270 8283 8119 4653 5321 3933 8326 2336 9450 41 5161 4586 9770 7492
29 671 5889 9037 5195 9382 8027 3783 9457 3654 6296 1007 7706 5352 6892 7058 3464 6940 6953 1757 7685 4203 4558 6825 9074 8174 5548 7270 9481 7555
29 4052 5535 8625 128 7667 2346 8454 6944 150 3362 8840 5327 7989 6143 729 6323 2043 5733 6195 2112 3526 876 9631 9377 1404 3148 824 5178 3024
29 3240 6461 2265 9592 3126 4567 7299 4734 1485 9254 9818 6693 5118 6044 1664 9299 904 6792 7624 329 4816 4253 5686 4608 4877 6059 2850 4364 9558
29 6933 4764 6980 9236 2144 2710 7650 1998 8700 7472 4732 2705 1214 7948 123 96 3884 6905 8996 6401 8430 293 1997 4155 5184 8776 8317 4821 85
29 94 7216 9743 457 7147 2201 2609 9172 7061 7243 8466 6927 5600 1968 8436 4750 8139 7231 1645 8156 7311 1827 3841 9025 8965 9962 1001 5398 6835
29 4852 9887 9747 9612 3733 5654 4395 4385 1639 2735 739 4334 6129 9367 8597 1905 7626 5242 3371 5271 2002 8635 114 8058 7602 9705 1484 5789 7021
29 6229 1752 3679 4219 1448 5516 1787 1411 5293 6666 3565 2720 9458 8038 643 8370 56 4623 7573 7446 2461 8626 4790 6583 6465 5678 7655 2901 2681
29 1587 3216 2442 3264 1913 9537 9974 9183 3770 1218 5390 8145 9007 5048 7809 449 1781 8367 2022 1733 8825 9026 1479 2393 192 2749 2386 6784 9837
29 2381 9417 336 8977 1264 9963 1165 3780 1317 2021 689 4520 8284 1056 8883 7623 418 3088 8331 4301 6089 6548 3081 2115 453 5736 6626 7364 4275
29 2672 2332 656 854 4165 3560 4298 1342 6160 4460 3606 7340 9983 3132 4373 6930 6628 8420 7732 1334 1335 963 6273 3098 9912 1655 4762 5486 8307
29 6330 9445 5475 6655 2860 5585 2873 4452 5838 1104 7334 2100 2502 9694 8691 58 9405 2521 2407 6043 3087 6679 4485 3859 1975 5586 8683 9255 2980
29 4469 8678 5881 9042 2430 768 1750 6286 3651 576 2808 2946 7459 8384 5122 7750 5884 4609 6035 4711 5143 1902 1108 4984 8979 166 6157 2623 7010
29 7828 5149 2583 9175 1380 3292 1160 9439 9270 9634 6872 6581 9906 5427 4424 3377 2740 2200 3535 1026 5468 8126 1686 3070 9934 6524 4956 2288 7319
29 4830 395 9589 6351 5910 2429 9184 1420 3297 2799 2009 8448 4284 8512 3269 4033 3641 2309 8198 4886 7749 4269 5719 9661 2311 2498 8596 9799 2895
29 8502 7782 2858 3811 8261 7249 4472 3520 1836 6436 7661 2188 3893 1870 3684 5373 9996 6387 9807 5866 2172 6420 3521 2203 415 638 9431 1508 9914
28 1579 5941 5112 7985 1049 4514 4975 9329 5700 6225 1849 7939 6187 6716 8007 5299 6326 5773 9162 1008 6144 5709 8556 8637 1449 6094 8743 3642
28 7080 138 2512 2145 5965 2137 320 5784 1028 6037 7046 8815 403 861 7007 157 9683 4070 524 381 6903 4729 4267 5521 7991 5489 3668 5054
28 5046 7576 8934 8733 9836 8954 9599 4089 5439 2989 3330 334 8020 522 4148 7725 8847 9040 5288 6645 7182 3977 7140 2422 6909 5317 4339 2565
28 1187 3025 5984 3763 6322 1822 1593 7561 9495 7062 7407 6705 4547 2413 680 981 9674 8135 6083 9801 7686 5735 9181 7972 2088 2143 1714 8265
28 4935 4766 9459 6983 8530 2138 5052 8937 6740 597 8917 8659 8222 1128 8926 5259 4492 3162 3077 6605 2628 4403 2109 7287 6308 7517 6480 283
28 9053 3425 3198 2906 3323 3707 5177 8000 7038 3813 54 974 6993 115 1103 3034 6466 5123 4987 2605 3296 7562 8408 8043 7600 3457 7817 8631
28 4322 687 3324 5462 2252 5368 8970 6854 8463 4691 9917 5292 4667 4633 305 5956 3576 6104 5655 2035 1843 5792 4449 195 6041 9045 4682 8959
28 9814 4568 5511 9202 8615 7719 2279 4350 8581 9186 9812 1069 133 9552 3963 5727 8333 4704 9239 5858 284 5145 3699 634 4346 1727 7608 7722
28 2234 4543 3181 2482 1462 2239 9790 3100 4457 7703 5550 3020 9278 4930 9547 475 4555 9017 7879 7971 728 1497 3627 4105 7804 2915 3870 4789
28 5325 7031 2785 3333 8162 8368 7022 3299 6236 3234 5064 67 7663 6915 1223 6439 8329 9653 6110 3365 776 50 7128 8779 31 5543 9188 9969
28 3233 8995 6265 7883 7742 4252 7028 6437 9220 3608 7802 2495 5080 2560 8223 6170 8148 5038 5602 4499 4849 1703 9225 7121 677 7968 2911 5690
28 8453 182 5041 8073 9632 8663 740 456 8812 8944 2062 1680 2017 4098 6174 6706 3129 3869 1379 6529 4755 7736 2545 469 6203 7223 3868 4188
28 1959 3119 5942 4632 8108 8906 1250 513 1730 1435 881 7370 6176 1771 214 2837 3043 1213 5931 6514 8173 543 7523 3459 3168 5491 1801 9410
28 7901 1660 9685 4455 6123 1575 8831 5296 6630 6277 5010 3794 4402 7247 600 758 3960 9534 4924 9611 8822 7137 4000 6335 8658 5374 7805 2155
28 3363 5326 3972 4279 2166 3722 4530 2917 6971 5121 4095 7958 2685 2589 5073 2708 9355 7438 4879 8181 366 9013 4121 344 5430 4532 5021 7368
28 8220 9868 5675 3582 5051 4030 7768 9540 3711 9093 3298 5192 310 9763 95 914 2219 1265 7710 8720 9048 5363 2174 1682 732 5215 282 9307
28 5832 1577 4803 5185 3845 3804 3040 5084 7045 7462 2647 4431 2891 5993 2077 7630 4955 8295 8379 759 5892 2449 197 7463 5536 5805 6598 8385
28 3423 4974 4616 4966 6046 8711 6099 7142 0 4040 84 161 1489 8886 4992 4113 7499 5495 9779 1355 4744 401 2294 9878 4531 6415 5960 4171
28 9543 8177 1330 3575 4587 3949 606 5670 190 5509 9660 3314 6082 557 2151 9734 1632 1246 4752 9875 6194 9682 4999 5575 7090 9971 9296 8964
28 3720 3929 1976 6363 5448 6580 6369 3281 7592 9317 1158 9628 6646 1452 866 4157 7353 6512 5778 2662 4142 3483 7619 1731 575 788 6235 2388
28 9714 5136 6970 4480 7060 3225 3049 3821 3648 5350 8147 9216 5198 3446 6749 3567 1950 7040 3621 2598 1663 3624 9028 8241 6153 4811 7424 2630
28 691 1271 5354 9352 6275 238 8050 1725 9044 7664 4028 7863 6829 9207 5752 7044 762 6760 4372 6896 3600 1381 640 315 6920 2516 5928 7348
28 9049 9257 9797 291 6481 7845 7375 9554 5757 5146 3743 1045 8335 6484 8722 5718 8843 5479 6958 5623 2932 6733 2376 1626 3710 8353 491 5453
28 8551 7643 3873 2693 663 2755 2536 252 4017 5023 7503 7400 2066 7860 4177 7682 1 1623 1291 707 8676 1031 1337 1957 6431 172 6264 2249
28 3922 1599 3260 8339 7485 1373 5875 2310 4828 9842 1889 7336 6137 4383 7620 1783 7218 8034 1940 3964 1343 6926 8622 8777 509 9064 3062 4644
28 377 7148 766 9751 4249 8320 8609 9753 5315 9976 3407 9780 9187 5428 6450 8051 7808 9647 3231 2861 7204 9357 6517 4664 426 2776 2530 411
28 1711 8492 5777 4415 229 221 6395 7790 9733 3144 7387 4825 2887 9466 585 5790 8226 8196 8016 7940 5203 8388 3424 77 9244 5845 1738 2296
28 2921 1062 3339 1745 5574 3332 6000 941 3069 8668 5397 5568 5249 3801 6502 2462 9021 4596 7495 7786 1384 3768 4733 2626 5650 4518 4832 4977
28 660 5069 3659 6790 3391 2677 7467 4858 1917 9500 3194 3134 7740 8066 5577 9047 5989 2723 9726 9944 1296 3862 8433 6366 4746 240 2431 9418
28 8644 1746 5134 8003 8584 4495 6389 1299 6097 356 3431 9654 7941 6063 8650 9794 7217 733 1471 4668 4216 4439 4038 8846 9023 573 5007 6898
28 9054 3911 1753 9378 605 4639 572 7369 5821 4497 3320 1935 924 8334 4072 2658 303 8310 3945 3012 4308 5088 823 3713 6972 4827 2467 7887
28 9475 7175 6640 5555 4636 8293 3556 7960 4953 174 7105 7990 709 1145 4943 8175 3343 370 6307 3255 2476 8382 5180 4228 7738 8363 2267 6561
28 1965 1425 5492 4034 7232 7715 3103 8292 6912 1118 5781 4564 189 5132 2185 7146 7221 7003 246 9566 1388 269 37 1877 4020 7107 3106 2952
28 746 7494 2836 4400 1737 6516 8726 8154 3429 5904 2183 4833 2389 6601 1819 7378 4847 6611 1230 2361 1850 8101 1685 9176 7713 3760 5897 9138
28 5645 7324 5245 3306 3919 6681 1229 8349 1610 6567 7811 2913 4985 3730 210 245 6924 2910 5431 945 6987 3307 8648 6040 3041 8574 7294 6787
28 7337 5771 276 8063 3259 5619 2057 1167 7745 8593 3058 5289 510 4371 6846 6841 7994 247 9016 6870 657 1086 542 5538 4798 6490 8479 7690
28 929 846 3914 7458 9219 6304 7065 435 9854 6069 6574 5395 3251 1829 7962 8200 5737 3754 1640 4846 1202 186 9849 2264 1834 6776 7861 7747
28 5266 7984 8415 4050 1124 1390 9648 8649 6267 2931 648 1709 6941 412 693 8401 9624 6775 4786 1476 9206 5762 296 2718 891 9353 5481 7593
28 2993 6154 2604 5545 7120 837 4069 1888 5769 8055 5793 6454 916 7233 9666 8031 7889 3928 9897 6937 8868 2363 5120 6828 253 5609 9882 537
28 3256 5324 2365 8074 3412 8746 8873 8828 8460 987 2513 911 2148 7112 9729 7681 52 4946 1426 5929 8021 8888 4741 7505 8165 9164 224 3748
28 688 4754 1407 2614 5598 6379 9533 6186 550 8224 991 6800 6989 7237 9222 3662 5982 6106 8304 1987 1729 2374 6801 3572 4619 9293 4345 6088
28 7320 4994 3987 6973 4408 6556 1562 3122 3212 1676 2116 642 1962 4813 5758 2283 5622 4654 7283 6834 5641 3140 7306 3938 8084 4895 9723 3913
28 7229 7047 8400 4717 9384 9462 8410 8848 3887 4193 2986 6138 225 533 9616 1866 3400 2684 535 4305 7095 9198 9291 9032 2938 1237 9383 5953
28 9888 4765 5262 3 4607 6464 4621 6793 9939 9368 135 1074 6025 3686 917 1047 1789 3068 8856 4894 6370 346 7868 4150 3369 4600 5280 7774
28 5254 5532 6003 6961 3851 4983 397 7240 8123 6268 6672 7983 7032 8558 4410 8129 3418 5357 3718 6373 5625 6913 1017 1947 8484 5196 2781 5561
28 4949 4303 7648 330 676 5671 3669 1882 8150 4958 3286 2426 9792 2944 8807 1173 4191 5688 5444 6641 9744 1857 88 8112 8953 937 6942 5707
28 6261 8523 4794 2335 3238 703 3541 5302 2774 1302 1233 3846 4295 3061 6545 1050 7591 6967 6789 6314 3309 316 9881 6818 5937 8290 6055 2810
28 5876 4246 8740 5997 2701 9242 653 9491 6361 74 4785 636 6352 2220 5519 8713 3125 5594 8138 28 8600 5722 699 6478 6311 368 2493 9918
28 8607 1712 1415 2766 4084 3881 33 4205 6084 2552 9728 778 781 7025 3152 379 1537 3852 424 7599 9402 7252 113 1812 806 3197 2273 9741
28 8854 8152 89 9732 3954 4304 8328 5587 6675 1622 5311 7531 2790 9256 2060 8373 7310 2321 2292 6107 1605 5140 6887 4908 5813 1184 8228 4678
28 4260 9336 3322 8613 4248 1042 8285 2409 9006 8258 332 9116 1929 2683 9290 982 4085 4669 8692 5458 4022 6131 5408 2784 5466 4940 9991 5240
28 3832 6595 8431 3953 8072 721 8006 9133 3254 5403 3553 8892 8507 3063 3753 7622 5692 5236 9396 1569 5743 3749 4624 6631 8376 7174 1345 9827
28 9284 8440 1377 3201 2916 7158 8913 5168 5235 5028 2522 872 4914 6908 3437 9098 5493 7578 6900 1216 2222 8853 3219 3930 6988 8810 5044 4978
28 9692 1831 5846 5566 2147 236 6393 6744 5012 9690 7767 997 4081 2370 7126 4700 803 1073 5267 4220 1814 8881 2443 8685 2844 5633 5836 7796
28 7642 8654 6928 6237 7331 3755 147 530 409 6715 38 4101 8821 9845 1914 7701 3805 5331 2087 913 7818 6840 2884 3214 5402 9542 9768 362
28 7132 9820 1590 9891 6520 6566 4627 3803 290 5975 8511 2120 140 6665 2287 9736 2333 6968 9846 6468 5004 752 7714 8032 6141 1255 5779 8114
28 2414 8366 9930 1139 7752 2258 9571 311 6847 1693 7672 6893 76 6809 4713 5720 2110 2164 9901 5656 9319 4537 1357 2627 6901 4674 6038 4901
28 9141 9155 8356 7575 3757 1178 2574 956 9324 3336 8253 3191 9043 2615 6540 2485 8614 6689 7506 7814 6568 3257 6 5337 8660 7900 5365 3555
28 5062 328 3169 6245 2664 971 2770 1839 2403 5070 9327 9497 5000 6544 664 4421 9140 8804 9088 5563 7 2575 4993 6717 7930 3734 9607 1778
28 1824 8267 2005 479 3380 9719 9477 9406 8469 7291 5096 5830 4032 1498 5220 9312 8480 4742 9294 8086 7594 2503 9503 8535 8749 8501 8110 8225
28 5500 6200 6720 4311 6600 338 9391 4083 9451 4724 7536 5890 7830 7114 7033 9264 9852 9487 2974 7372 7963 5765 2437 9978 8197 2829 7050 5320
28 8299 4951 5898 5263 8565 5188 8281 1203 117 1092 2243 4092 7213 8390 1146 6530 1598 4868 7285 5335 797 6880 2638 8247 581 3138 1071 1993
28 3581 4922 2305 3903 4560 9286 1293 6280 7693 184 3262 6813 7712 7493 5581 4522 2181 5186 1240 3089 8473 1912 8811 1375 5864 3962 5849 8465
28 9443 4574 9933 5333 571 2058 2212 902 4880 4938 7771 5770 7554 5761 6282 9448 2951 4453 4513 631 4781 5085 5316 2721 7618 4590 4690 5681
28 3104 7222 9492 170 4834 9520 5424 7278 9436 2763 8245 5963 9739 3175 6166 6594 955 7093 1376 5979 1107 5217 7376 7490 9572 2371 4256 5698
28 4397 9826 1148 6935 1681 5857 9350 5887 2689 8499 1256 6085 9365 7588 8780 1840 8758 100 8869 4939 3270 5172 7734 7746 4411 4592 852 8694
28 5801 8125 1835 4996 795 780 185 3610 4900 5506 8889 2124 7282 6213 9668 2695 4496 7632 4202 9541 1658 3029 1318 8736 396 4947 8898 6148
28 6570 227 7922 7579 2914 6554 5542 425 6795 9970 9526 9545 1321 7118 7012 1726 8319 1845 5750 72 5264 8169 3135 1527 2990 5256 2985 6202
28 934 493 5938 9621 294 4104 319 3439 4055 200 8505 2699 9464 3441 998 8764 588 1033 19 5620 9341 8735 6659 4571 940 2075 6656 4871
28 570 2793 4091 9073 9079 5726 5171 3164 4736 995 3850 1650 8248 3828 7035 8975 3109 923 4819 4595 9142 5961 1538 1119 8893 2904 4063 8360
28 1408 1764 4115 2169 158 2569 8620 5748 8398 1083 5314 3228 8337 237 7363 6521 2727 2229 7357 6349 7954 7827 4510 8520 856 2031 1653 6271
28 2830 5973 5903 6382 4156 7974 5759 6676 8477 8794 7374 1799 3974 5947 6414 5746 7676 9796 342 7716 6831 4029 1061 7281 7717 5685 7568 1397
28 207 7448 446 7173 5797 6922 3830 7316 5074 4444 6711 7059 3317 9060 5378 6757 7155 1732 8459 6122 786 9108 6799 7544 2751 818 5635 6061
28 8372 2607 4769 2186 928 8266 1932 685 1009 1792 3545 4456 3778 4603 2551 2315 6204 2941 5640 4261 118 9433 2160 5725 731 2616 1690 8470
28 9872 8835 26 1855 7728 3410 434 8441 800 400 4990 9750 7308 406 1409 2108 1346 6678 9614 8301 1910 3165 18 2095 8582 181 1739 9932
28 4077 8207 6770 896 5868 5 2950 6218 5502 4062 6918 5290 8296 2171 1142 7656 8982 9266 5825 6571 8312 708 6077 5261 9679 7435 518 6737
28 1472 9727 2940 9130 6278 7538 8646 134 2843 2055 9127 1389 3502 7953 3250 222 5199 8707 6682 433 1324 2421 5437 2819 8935 9579 6732 8784
28 2996 6214 4896 5156 4018 899 7915 8741 4396 257 4869 4582 5664 1029 5332 263 830 5003 8705 2180 3935 9514 9686 8823 3649 7553 3540 2879
28 6613 9361 2876 6748 7383 5166 5796 926 8679 9281 3313 7432 8605 1662 5540 5187 3574 6058 9144 5194 3864 7302 5599 2533 1486 2999 8589 8887
28 2139 1846 4170 6407 5210 9258 6817 9182 4264 9375 1309 4835 6735 6026 8490 5808 8095 705 3732 6165 8719 4362 8010 9805 8100 47 4712 5410
28 7186 1437 7689 4195 4697 2599 6309 3489 2613 6357 1000 7345 5852 6388 9081 3939 1973 8291 3428 9938 9656 6196 754 1958 3655 2041 1559 6216
28 9740 7235 3385 7384 6766 7016 4358 1657 230 3487 8862 9855 6406 8149 4845 6075 6220 407 9230 155 6443 6541 6661 8712 1518 2737 6149 6172
28 5588 4433 108 906 7144 1430 4282 980 3865 9771 413 5603 1034 4779 1661 6384 2899 3740 5697 7825 5753 9493 8962 8772 6533 1079 6960 9343
28 9890 2890 350 3899 659 8833 5079 771 6472 1971 8832 1933 8106 6426 9876 6302 8519 1488 5980 1624 1617 8664 2282 6745 3289 378 8409 3808
28 4065 8364 2351 273 3557 5244 5218 4465 6329 3774 4652 3273 3356 2984 1382 1876 1780 7248 7507 3276 5933 151 9924 6201 4222 3349 3422 8387
28 1641 1040 7613 3396 5298 9825 4116 1238 4432 4542 4178 8206 8191 7844 9424 6861 884 772 9981 7314 2764 7224 2856 6080 5344 2448 1235 3107
28 5673 3258 1196 130 593 8634 2334 8526 5407 3280 822 9247 9618 2424 3609 8960 4164 4404 3761 935 6031 5381 8136 2505 587 4820 3381 3769
28 3190 389 5669 5345 9568 9961 4394 2232 7163 7765 2846 6206 9651 1856 9757 4737 1161 8186 279 9401 4572 6852 2072 4367 2778 2544 8216 1793
28 3766 6001 9440 8699 8464 132 5307 4545 4630 7409 7097 3515 2382 4368 3616 514 5252 6487 1884 8064 4772 5358 1633 1728 860 7474 1551 8770
28 7382 8121 6857 4 9884 8651 8991 7916 2064 1349 868 4684 3879 7267 4213 7737 2270 4787 4649 4863 9749 5243 9486 9082 196 2881 5729 7471
28 1942 5014 2012 7519 8130 7773 630 3348 420 3176 7847 1215 2390 5438 2581 1530 3004 3329 1649 4604 622 9062 4721 4646 8146 4354 1954 870
28 7256 3128 3921 5207 2168 6754 6212 8911 2538 468 1724 5291 6145 3321 8752 5971 1886 9676 742 6700 8531 2102 8243 3527 9778 6435 9444 6371
28 7781 3592 9039 8950 6125 7842 3203 5760 6523 6364 7753 2878 3127 7859 6006 5072 5880 8259 3031 5164 9519 9063 8633 1347 7089 7521 2067 5723
28 2823 2874 3519 6910 289 6703 9356 1609 6750 5508 4533 1244 8352 7491 1504 1392 3376 6249 3737 1528 9516 3947 695 7617 3687 7926 1350 2936
28 8896 1364 7219 6509 3036 8375 4355 2129 5976 565 6191 1825 5611 1451 8688 2527 2227 9922 454 9083 104 7073 5017 7895 3328 5216 5618 6830
28 558 9601 747 1175 3702 9494 1674 7988 3777 2207 9482 6814 710 6378 6100 1713 2341 7428 801 488 4675 1500 9034 7048 3979 4274 6955 2349
28 2146 7006 4944 3782 1059 4730 209 5916 8603 8728 4898 3488 1483 1188 254 7909 5154 2271 5139 8643 890 7169 692 7616 6052 4954 5227 900
28 7297 1768 6463 3623 9590 3746 2853 7361 6015 5440 1708 3146 1972 751 6072 7924 999 5899 2490 7570 1702 9348 9667 4320 6667 7764 5231 1921
28 6897 9117 8503 1779 3620 6779 4950 9394 6230 886 3797 3834 1147 2730 1719 7763 1224 1225 761 6333 3789 7461 6066 8940 6358 451 1678 5418
28 9858 2648 8080 7475 6623 1441 9565 8645 5278 2132 2320 5905 7549 2010 1094 4328 6802 6396 5389 165 4731 5888 3447 7457 1601 3931 9645 2661
28 2378 4182 8949 8751 1597 6765 8718 8834 9274 1802 7091 3124 3284 3220 683 6518 8461 9525 7479 7780 9245 8102 2328 8219 5734 480 4437 7886
28 4760 7871 667 3005 4739 879 9315 7405 9889 9808 353 9655 5894 8137 1838 2130 7292 7832 6768 9298 1159 4283 3586 517 7951 556 7362 5988
28 8669 4989 4006 4067 6073 7327 5360 4387 1098 8988 9793 5913 2316 9177 8279 5978 633 7779 5627 9532 7565 1078 7289 8695 9947 3404 9615 1298
28 286 5503 5209 850 5005 15 4487 6559 1603 9910 933 2092 4430 2617 5095 9588 7829 4719 1684 8208 7451 2875 8045 2962 2345 3816 6650 6173
28 152 1805 2777 82 9549 2053 4356 4004 3215 8628 1395 394 9501 4918 7757 8972 7615 7628 2460 1438 3217 1110 7052 5459 7106 8928 3159 6632
28 6319 2554 4662 9129 3266 9721 8572 1895 7993 111 7766 39 3982 1166 3054 1469 3432 4814 3007 921 2317 7445 2434 7332 8792 3601 8037 5738
28 9371 6992 7611 6889 9752 8910 1322 3871 1039 1096 7423 2859 55 1952 6380 1088 5810 9465 179 4860 4968 2588 9715 5819 2094 9968 3529 6159
28 9360 5197 8297 6313 9095 163 3326 9302 5742 5036 1694 5964 2373 4515 7018 1706 6365 8671 2488 867 9210 5319 8308 652 5882 2796 4111 3517
28 3187 9992 477 1080 1558 9504 7110 6295 8238 5763 569 4952 6429 6873 6698 2888 325 8534 1656 9746 520 3469 4905 1474 2834 5513 966 2668
28 1925 7030 1100 3455 4917 6105 7880 5312 2083 3785 3229 8801 529 5497 1439 193 4740 4482 2453 3843 7434 3613 2729 1811 5809 5569 6755 1637
28 7995 4057 4318 6445 4250 6168 9165 5596 1127 4857 545 3635 986 2811 6743 2231 9553 2131 5923 7226 137 5190 399 2093 6028 3355 7165 1363
28 6257 5952 551 6474 6016 515 7572 1759 6615 4638 2178 9370 8721 4120 3786 6539 1584 976 4670 8 8079 712 2491 5391 7156 3800 3758 5361
28 2550 1134 2736 2752 3951 2966 5228 2179 9798 323 7377 3798 5701 7388 8362 3067 4614 5422 6558 3566 9132 1570 8576 1333 5471 2620 1367 7272
28 654 554 961 6504 1505 4001 2920 81 8423 5659 1988 4153 1085 5006 5786 9024 9046 2246 4928 9911 9972 2831 2483 9335 3493 5257 2213 6639
28 4189 2795 702 6374 8193 2841 7751 2298 8876 3086 7761 567 7288 5800 3344 9630 8221 4438 4778 8071 1510 129 347 1576 2275 9894 7839 2659
28 445 816 7695 6718 4529 5883 2266 8365 2281 5035 5304 5162 259 9160 8762 9387 756 2026 8525 8059 2190 11 7342 9633 1874 4384 953 7917
28 2922 6931 6669 968 1588 7412 8958 106 8309 2835 5175 5974 5691 5504 6226 3927 5565 7961 1563 2484 5992 423 7998 442 9904 127 6496 2254
28 7609 9166 3698 3462 2768 5229 35 5969 2039 1692 5480 3817 339 6457 2256 8773 7881 7514 8656 2742 9775 748 857 7508 6499 7852 2969 3504
28 7855 5608 5917 7397 6402 5912 5223 5401 6866 452 7108 5828 5848 6741 7564 5590 1456 3890 3253 5094 5025 1481 1878 8567 467 3956 3554 9452
28 1826 1468 9756 2003 5713 1794 385 4194 1082 7071 9979 2857 322 231 8422 6807 8155 6528 2192 139 9965 5341 6053 8302 6506 7008 2902 1946
28 625 8404 6687 7323 8273 8727 7607 8256 4370 4489 9857 8661 9010 2833 4317 7206 8837 7333 3263 9114 7168 3626 9221 7601 5936 3305 8715 5255
28 9246 915 3316 7449 8250 8046 1138 1174 4559 4864 199 9689 3705 4128 2576 2034 6884 481 8233 4234 6109 4462 3163 3688 6022 5859 8096 8629
28 3491 1424 6151 811 2479 8176 2195 6553 4874 8213 6287 6999 1621 4551 6362 8190 887 2272 3976 6243 1019 5589 2824 1279 3993 7631 2556 4014
28 4494 7569 7552 2633 8778 2154 3854 8322 1767 7352 9993 6882 3094 2666 2251 2821 9564 4656 7127 8863 267 8998 8527 5711 2712 8187 1315 7134
28 3492 994 7496 4910 5990 2622 4642 760 4174 70 1524 8215 7104 7199 2739 8860 6050 8087 8429 1101 5250 5932 8763 464 6761 9349 1638 6479
28 3756 9136 2570 5658 2395 7408 1547 7513 6522 9815 4021 8047 8278 5767 3096 4129 1195 3638 6285 4528 6964 723 2987 3239 2268 1209 4699 3080
28 3496 9157 8590 7042 4053 2747 6057 1689 9658 2280 3105 8857 6114 5839 2979 3370 8082 1736 4330 3792 9125 5981 7551 2065 235 6325 9071 2480
28 2713 3460 3060 9224 8549 8756 8564 6244 8532 3742 6606 2276 1585 3585 2741 7053 7181 9776 2023 4285 3338 9945 7303 6002 9398 9573 4965 7996
28 9435 159 5815 2263 3762 5683 4672 6826 204 4031 7824 2590 4375 6483 367 3137 6078 211 8303 7293 668 6579 9865 7354 4380 4540 6542 819
28 4611 8971 3643 3932 3518 2096 9892 1368 7784 8004 532 2852 8089 6684 9389 4051 7365 7823 864 7193 6455 880 9277 3998 3652 8731 9404 4747
28 9662 9470 1140 7367 8701 7436 4048 9898 7415 1431 1360 2877 5689 895 1137 7803 1403 4035 8300 1844 4982 1328 8902 3717 6327 8070 212 6051
28 9764 1556 8017 5583 7952 9190 2744 7800 8993 4726 8391 387 6060 5782 6591 3799 4557 8276 9551 3115 8449 9364 7486 3224 9765 448 5473 5638
28 4114 5336 8919 9506 3836 7116 2394 9864 1269 5413 5169 798 3010 3390 3301 9077 4162 8028 2886 9711 9859 2079 5342 486 5926 3589 2956 3595
28 2209 8346 9584 2343 5151 4314 7878 2470 1310 1477 1206 9332 8008 7321 8990 4843 3319 9998 6949 7143 5871 6858 4468 6356 3045 9003 6680 9556
28 3353 476 5483 7442 4926 4144 7679 1810 6690 266 8122 7009 832 7005 9091 4549 2792 255 1190 5607 8508 7799 5677 1509 2572 3157 5029 9700
28 5465 7395 460 8547 5940 3033 1521 3417 8518 7597 219 1182 9068 2817 1496 9935 538 8827 5399 3751 5788 2199 6139 7858 7730 4680 6647 2497
28 3076 4122 6294 1926 3278 3373 2748 7777 9853 4130 7076 4379 1642 6742 9923 8029 4534 1931 1273 3787 9369 9608 9539 1718 262 3202 5050 9161
28 8172 9718 68 3150 9874 7239 3182 3275 472 8262 1329 8665 3147 3926 2540 7546 414 8419 1578 7403 6071 372 5872 9557 2261 9731 6279 8351
28 9282 2563 34 9120 9937 3186 7227 3090 6535 2725 6586 8899 7157 376 8732 2364 8578 4475 8662 9530 4971 3995 1951 4688 205 730 4767 624
28 8545 6093 5387 1700 1969 6007 4076 8316 2722 5071 2548 1630 1102 428 6786 386 3408 2972 1613 2208 4206 2619 6317 8672 1385 6332 9995 9403
28 3815 7245 5467 5999 3716 232 792 7526 6344 1228 4579 7355 1919 2204 8882 5505 1117 5131 3245 9386 2773 9691 4108 7396 497 3957 4998 7162
28 2698 3656 2244 9033 8575 1592 4722 1151 1898 3544 6976 6585 8814 6510 2324 5943 958 3222 8947 9137 8900 6771 8323 1543 7192 2306 7049 9860
28 9447 9248 5886 5258 5525 9640 3486 4640 4550 4647 9178 1126 4591 4161 6175 2419 1571 985 6984 3738 2196 5902 5571 218 6921 9152 119 960
28 8128 773 2042 5226 2048 3731 4478 720 6652 3678 2474 4822 8963 1401 8601 2245 7898 6400 5421 364 7665 7857 2383 9193 2862 561 7470 3767
28 3042 2855 3149 2000 3898 5323 9936 3667 4185 7466 301 686 1742 5075 3605 7692 9560 4010 2492 3445 1687 7567 149 814 3653 9422 7322 5674
28 9014 8447 7566 2418 785 6658 6902 3205 9442 3304 8894 8536 2121 9359 4448 947 4321 2564 6685 1561 8951 4979 1815 3752 3547 3092 8167 6065
28 275 701 3630 3536 9304 2918 5157 3480 2337 9562 5329 1915 9490 8489 2372 2187 3596 1743 8403 3378 4324 3691 3141 9476 7029 145 511 2406
28 9957 1359 8797 2293 8052 1300 6036 5570 925 9839 8013 6780 3981 2082 5972 7212 3512 5464 7550 122 3980 9269 9638 9788 1930 390 8941 2149
28 3636 528 7698 9816 1239 9055 3079 6978 789 4145 4544 1371 7509 5219 2225 8867 7273 9896 8704 7819 1922 8809 2865 6797 2514 8782 8819 6588
28 4805 7946 3694 1863 1051 3001 3558 8569 5142 3647 8562 4882 4382 4420 7558 5648 8587 6127 97 9000 5814 3910 3002 1937 3207 4548 6573 7153
28 280 8579 5934 1014 6262 873 4969 2274 1243 972 7275 3415 9261 1406 5695 9050 9999 9985 1366 9271 2240 6489 9508 6293 9113 1540 2291 4037
